{"C:\\Users\\Ana\\projects\\kdvc\\mobile\\App.tsx": {"path":"C:\\Users\\Ana\\projects\\kdvc\\mobile\\App.tsx","statementMap":{"0":{"start":{"line":19,"column":14},"end":{"line":19,"column":42}},"1":{"start":{"line":20,"column":20},"end":{"line":20,"column":37}},"2":{"start":{"line":23,"column":2},"end":{"line":23,"column":19}},"3":{"start":{"line":25,"column":2},"end":{"line":27,"column":9}},"4":{"start":{"line":26,"column":4},"end":{"line":26,"column":17}},"5":{"start":{"line":29,"column":2},"end":{"line":72,"column":4}}},"fnMap":{"0":{"name":"App","decl":{"start":{"line":22,"column":24},"end":{"line":22,"column":27}},"loc":{"start":{"line":22,"column":30},"end":{"line":73,"column":1}},"line":22},"1":{"name":"(anonymous_1)","decl":{"start":{"line":25,"column":12},"end":{"line":25,"column":13}},"loc":{"start":{"line":25,"column":18},"end":{"line":27,"column":3}},"line":25}},"branchMap":{},"s":{"0":1,"1":1,"2":1,"3":1,"4":1,"5":1},"f":{"0":1,"1":1},"b":{},"_coverageSchema":"1a1c01bbd47fc00a2c39e90264f33305004495a9","hash":"632a5837509b9a5c9d1d92fb1f10c9f9e632f042"}
,"C:\\Users\\Ana\\projects\\kdvc\\mobile\\CreateForm.tsx": {"path":"C:\\Users\\Ana\\projects\\kdvc\\mobile\\CreateForm.tsx","statementMap":{"0":{"start":{"line":16,"column":46},"end":{"line":71,"column":1}},"1":{"start":{"line":17,"column":26},"end":{"line":17,"column":38}},"2":{"start":{"line":18,"column":32},"end":{"line":18,"column":47}},"3":{"start":{"line":19,"column":28},"end":{"line":19,"column":57}},"4":{"start":{"line":21,"column":23},"end":{"line":49,"column":3}},"5":{"start":{"line":22,"column":4},"end":{"line":22,"column":21}},"6":{"start":{"line":23,"column":4},"end":{"line":23,"column":19}},"7":{"start":{"line":25,"column":4},"end":{"line":48,"column":5}},"8":{"start":{"line":28,"column":18},"end":{"line":35,"column":8}},"9":{"start":{"line":37,"column":6},"end":{"line":40,"column":7}},"10":{"start":{"line":38,"column":21},"end":{"line":38,"column":37}},"11":{"start":{"line":39,"column":8},"end":{"line":39,"column":57}},"12":{"start":{"line":42,"column":19},"end":{"line":42,"column":35}},"13":{"start":{"line":43,"column":6},"end":{"line":43,"column":29}},"14":{"start":{"line":45,"column":6},"end":{"line":45,"column":45}},"15":{"start":{"line":47,"column":6},"end":{"line":47,"column":24}},"16":{"start":{"line":51,"column":2},"end":{"line":70,"column":4}},"17":{"start":{"line":73,"column":15},"end":{"line":112,"column":2}}},"fnMap":{"0":{"name":"(anonymous_0)","decl":{"start":{"line":16,"column":46},"end":{"line":16,"column":47}},"loc":{"start":{"line":16,"column":72},"end":{"line":71,"column":1}},"line":16},"1":{"name":"(anonymous_1)","decl":{"start":{"line":21,"column":23},"end":{"line":21,"column":24}},"loc":{"start":{"line":21,"column":35},"end":{"line":49,"column":3}},"line":21}},"branchMap":{"0":{"loc":{"start":{"line":37,"column":6},"end":{"line":40,"column":7}},"type":"if","locations":[{"start":{"line":37,"column":6},"end":{"line":40,"column":7}},{"start":{},"end":{}}],"line":37},"1":{"loc":{"start":{"line":45,"column":15},"end":{"line":45,"column":43}},"type":"binary-expr","locations":[{"start":{"line":45,"column":15},"end":{"line":45,"column":24}},{"start":{"line":45,"column":28},"end":{"line":45,"column":43}}],"line":45},"2":{"loc":{"start":{"line":63,"column":15},"end":{"line":63,"column":55}},"type":"cond-expr","locations":[{"start":{"line":63,"column":25},"end":{"line":63,"column":41}},{"start":{"line":63,"column":44},"end":{"line":63,"column":55}}],"line":63},"3":{"loc":{"start":{"line":68,"column":7},"end":{"line":68,"column":64}},"type":"binary-expr","locations":[{"start":{"line":68,"column":7},"end":{"line":68,"column":12}},{"start":{"line":68,"column":16},"end":{"line":68,"column":64}}],"line":68}},"s":{"0":1,"1":0,"2":0,"3":0,"4":0,"5":0,"6":0,"7":0,"8":0,"9":0,"10":0,"11":0,"12":0,"13":0,"14":0,"15":0,"16":0,"17":1},"f":{"0":0,"1":0},"b":{"0":[0,0],"1":[0,0],"2":[0,0],"3":[0,0]},"_coverageSchema":"1a1c01bbd47fc00a2c39e90264f33305004495a9","hash":"05427fe08f096d613ee8b659dfc325790de91a05"}
,"C:\\Users\\Ana\\projects\\kdvc\\mobile\\src\\components\\AddClassModal.tsx": {"path":"C:\\Users\\Ana\\projects\\kdvc\\mobile\\src\\components\\AddClassModal.tsx","statementMap":{"0":{"start":{"line":30,"column":15},"end":{"line":39,"column":1}},"1":{"start":{"line":41,"column":13},"end":{"line":41,"column":57}},"2":{"start":{"line":42,"column":14},"end":{"line":42,"column":58}},"3":{"start":{"line":46,"column":59},"end":{"line":270,"column":1}},"4":{"start":{"line":51,"column":26},"end":{"line":51,"column":38}},"5":{"start":{"line":52,"column":44},"end":{"line":52,"column":77}},"6":{"start":{"line":53,"column":26},"end":{"line":53,"column":52}},"7":{"start":{"line":55,"column":21},"end":{"line":69,"column":3}},"8":{"start":{"line":56,"column":4},"end":{"line":68,"column":7}},"9":{"start":{"line":57,"column":19},"end":{"line":57,"column":32}},"10":{"start":{"line":58,"column":6},"end":{"line":66,"column":7}},"11":{"start":{"line":59,"column":8},"end":{"line":59,"column":25}},"12":{"start":{"line":61,"column":8},"end":{"line":64,"column":9}},"13":{"start":{"line":62,"column":10},"end":{"line":62,"column":67}},"14":{"start":{"line":63,"column":10},"end":{"line":63,"column":22}},"15":{"start":{"line":65,"column":8},"end":{"line":65,"column":22}},"16":{"start":{"line":67,"column":6},"end":{"line":67,"column":18}},"17":{"start":{"line":71,"column":25},"end":{"line":86,"column":3}},"18":{"start":{"line":72,"column":4},"end":{"line":85,"column":5}},"19":{"start":{"line":73,"column":23},"end":{"line":76,"column":8}},"20":{"start":{"line":77,"column":6},"end":{"line":77,"column":22}},"21":{"start":{"line":79,"column":6},"end":{"line":84,"column":7}},"22":{"start":{"line":82,"column":8},"end":{"line":82,"column":59}},"23":{"start":{"line":83,"column":8},"end":{"line":83,"column":27}},"24":{"start":{"line":88,"column":24},"end":{"line":116,"column":3}},"25":{"start":{"line":93,"column":43},"end":{"line":99,"column":5}},"26":{"start":{"line":101,"column":68},"end":{"line":106,"column":5}},"27":{"start":{"line":108,"column":4},"end":{"line":115,"column":7}},"28":{"start":{"line":109,"column":32},"end":{"line":109,"column":46}},"29":{"start":{"line":110,"column":6},"end":{"line":114,"column":8}},"30":{"start":{"line":118,"column":21},"end":{"line":133,"column":3}},"31":{"start":{"line":119,"column":4},"end":{"line":122,"column":5}},"32":{"start":{"line":120,"column":6},"end":{"line":120,"column":79}},"33":{"start":{"line":121,"column":6},"end":{"line":121,"column":13}},"34":{"start":{"line":123,"column":4},"end":{"line":129,"column":5}},"35":{"start":{"line":124,"column":6},"end":{"line":127,"column":8}},"36":{"start":{"line":128,"column":6},"end":{"line":128,"column":13}},"37":{"start":{"line":131,"column":4},"end":{"line":131,"column":55}},"38":{"start":{"line":132,"column":4},"end":{"line":132,"column":16}},"39":{"start":{"line":135,"column":22},"end":{"line":138,"column":3}},"40":{"start":{"line":136,"column":4},"end":{"line":136,"column":16}},"41":{"start":{"line":137,"column":4},"end":{"line":137,"column":14}},"42":{"start":{"line":140,"column":20},"end":{"line":144,"column":3}},"43":{"start":{"line":141,"column":4},"end":{"line":141,"column":16}},"44":{"start":{"line":142,"column":4},"end":{"line":142,"column":32}},"45":{"start":{"line":143,"column":4},"end":{"line":143,"column":18}},"46":{"start":{"line":146,"column":2},"end":{"line":269,"column":4}},"47":{"start":{"line":181,"column":18},"end":{"line":183,"column":25}},"48":{"start":{"line":189,"column":16},"end":{"line":216,"column":23}},"49":{"start":{"line":194,"column":41},"end":{"line":194,"column":57}},"50":{"start":{"line":195,"column":39},"end":{"line":195,"column":61}},"51":{"start":{"line":196,"column":20},"end":{"line":214,"column":22}},"52":{"start":{"line":204,"column":39},"end":{"line":204,"column":54}},"53":{"start":{"line":238,"column":33},"end":{"line":238,"column":46}},"54":{"start":{"line":272,"column":15},"end":{"line":419,"column":2}}},"fnMap":{"0":{"name":"(anonymous_0)","decl":{"start":{"line":46,"column":59},"end":{"line":46,"column":60}},"loc":{"start":{"line":50,"column":6},"end":{"line":270,"column":1}},"line":50},"1":{"name":"(anonymous_1)","decl":{"start":{"line":55,"column":21},"end":{"line":55,"column":22}},"loc":{"start":{"line":55,"column":39},"end":{"line":69,"column":3}},"line":55},"2":{"name":"(anonymous_2)","decl":{"start":{"line":56,"column":21},"end":{"line":56,"column":22}},"loc":{"start":{"line":56,"column":29},"end":{"line":68,"column":5}},"line":56},"3":{"name":"(anonymous_3)","decl":{"start":{"line":71,"column":25},"end":{"line":71,"column":26}},"loc":{"start":{"line":71,"column":37},"end":{"line":86,"column":3}},"line":71},"4":{"name":"(anonymous_4)","decl":{"start":{"line":88,"column":24},"end":{"line":88,"column":25}},"loc":{"start":{"line":92,"column":9},"end":{"line":116,"column":3}},"line":92},"5":{"name":"(anonymous_5)","decl":{"start":{"line":108,"column":41},"end":{"line":108,"column":42}},"loc":{"start":{"line":108,"column":48},"end":{"line":115,"column":5}},"line":108},"6":{"name":"(anonymous_6)","decl":{"start":{"line":118,"column":21},"end":{"line":118,"column":22}},"loc":{"start":{"line":118,"column":27},"end":{"line":133,"column":3}},"line":118},"7":{"name":"(anonymous_7)","decl":{"start":{"line":135,"column":22},"end":{"line":135,"column":23}},"loc":{"start":{"line":135,"column":28},"end":{"line":138,"column":3}},"line":135},"8":{"name":"(anonymous_8)","decl":{"start":{"line":140,"column":20},"end":{"line":140,"column":21}},"loc":{"start":{"line":140,"column":26},"end":{"line":144,"column":3}},"line":140},"9":{"name":"(anonymous_9)","decl":{"start":{"line":180,"column":26},"end":{"line":180,"column":27}},"loc":{"start":{"line":181,"column":18},"end":{"line":183,"column":25}},"line":181},"10":{"name":"(anonymous_10)","decl":{"start":{"line":188,"column":25},"end":{"line":188,"column":26}},"loc":{"start":{"line":189,"column":16},"end":{"line":216,"column":23}},"line":189},"11":{"name":"(anonymous_11)","decl":{"start":{"line":193,"column":28},"end":{"line":193,"column":29}},"loc":{"start":{"line":193,"column":35},"end":{"line":215,"column":19}},"line":193},"12":{"name":"(anonymous_12)","decl":{"start":{"line":204,"column":33},"end":{"line":204,"column":34}},"loc":{"start":{"line":204,"column":39},"end":{"line":204,"column":54}},"line":204},"13":{"name":"(anonymous_13)","decl":{"start":{"line":238,"column":27},"end":{"line":238,"column":28}},"loc":{"start":{"line":238,"column":33},"end":{"line":238,"column":46}},"line":238}},"branchMap":{"0":{"loc":{"start":{"line":58,"column":6},"end":{"line":66,"column":7}},"type":"if","locations":[{"start":{"line":58,"column":6},"end":{"line":66,"column":7}},{"start":{"line":60,"column":13},"end":{"line":66,"column":7}}],"line":58},"1":{"loc":{"start":{"line":61,"column":8},"end":{"line":64,"column":9}},"type":"if","locations":[{"start":{"line":61,"column":8},"end":{"line":64,"column":9}},{"start":{},"end":{}}],"line":61},"2":{"loc":{"start":{"line":79,"column":6},"end":{"line":84,"column":7}},"type":"if","locations":[{"start":{"line":79,"column":6},"end":{"line":84,"column":7}},{"start":{"line":81,"column":13},"end":{"line":84,"column":7}}],"line":79},"3":{"loc":{"start":{"line":79,"column":10},"end":{"line":79,"column":76}},"type":"binary-expr","locations":[{"start":{"line":79,"column":10},"end":{"line":79,"column":30}},{"start":{"line":79,"column":34},"end":{"line":79,"column":76}}],"line":79},"4":{"loc":{"start":{"line":119,"column":4},"end":{"line":122,"column":5}},"type":"if","locations":[{"start":{"line":119,"column":4},"end":{"line":122,"column":5}},{"start":{},"end":{}}],"line":119},"5":{"loc":{"start":{"line":123,"column":4},"end":{"line":129,"column":5}},"type":"if","locations":[{"start":{"line":123,"column":4},"end":{"line":129,"column":5}},{"start":{},"end":{}}],"line":123},"6":{"loc":{"start":{"line":201,"column":26},"end":{"line":201,"column":63}},"type":"binary-expr","locations":[{"start":{"line":201,"column":26},"end":{"line":201,"column":36}},{"start":{"line":201,"column":40},"end":{"line":201,"column":63}}],"line":201},"7":{"loc":{"start":{"line":206,"column":25},"end":{"line":212,"column":25}},"type":"binary-expr","locations":[{"start":{"line":206,"column":25},"end":{"line":206,"column":35}},{"start":{"line":207,"column":26},"end":{"line":211,"column":28}}],"line":206},"8":{"loc":{"start":{"line":233,"column":19},"end":{"line":233,"column":54}},"type":"cond-expr","locations":[{"start":{"line":233,"column":26},"end":{"line":233,"column":35}},{"start":{"line":233,"column":38},"end":{"line":233,"column":54}}],"line":233},"9":{"loc":{"start":{"line":236,"column":15},"end":{"line":243,"column":15}},"type":"binary-expr","locations":[{"start":{"line":236,"column":15},"end":{"line":236,"column":19}},{"start":{"line":237,"column":16},"end":{"line":242,"column":35}}],"line":236}},"s":{"0":2,"1":2,"2":2,"3":2,"4":3,"5":3,"6":3,"7":3,"8":0,"9":0,"10":0,"11":0,"12":0,"13":0,"14":0,"15":0,"16":0,"17":3,"18":0,"19":0,"20":0,"21":0,"22":0,"23":0,"24":3,"25":0,"26":0,"27":0,"28":0,"29":0,"30":3,"31":0,"32":0,"33":0,"34":0,"35":0,"36":0,"37":0,"38":0,"39":3,"40":0,"41":0,"42":3,"43":0,"44":0,"45":0,"46":3,"47":15,"48":12,"49":60,"50":60,"51":60,"52":0,"53":0,"54":2},"f":{"0":3,"1":0,"2":0,"3":0,"4":0,"5":0,"6":0,"7":0,"8":0,"9":15,"10":12,"11":60,"12":0,"13":0},"b":{"0":[0,0],"1":[0,0],"2":[0,0],"3":[0,0],"4":[0,0],"5":[0,0],"6":[60,0],"7":[60,0],"8":[0,3],"9":[3,0]},"_coverageSchema":"1a1c01bbd47fc00a2c39e90264f33305004495a9","hash":"da31b8790c36116eee6687bbc707b7472699947d"}
,"C:\\Users\\Ana\\projects\\kdvc\\mobile\\src\\components\\AddStudentModal.tsx": {"path":"C:\\Users\\Ana\\projects\\kdvc\\mobile\\src\\components\\AddStudentModal.tsx","statementMap":{"0":{"start":{"line":23,"column":15},"end":{"line":32,"column":1}},"1":{"start":{"line":34,"column":63},"end":{"line":187,"column":1}},"2":{"start":{"line":40,"column":38},"end":{"line":40,"column":50}},"3":{"start":{"line":41,"column":30},"end":{"line":41,"column":52}},"4":{"start":{"line":43,"column":25},"end":{"line":69,"column":3}},"5":{"start":{"line":44,"column":25},"end":{"line":44,"column":42}},"6":{"start":{"line":45,"column":4},"end":{"line":45,"column":30}},"7":{"start":{"line":45,"column":23},"end":{"line":45,"column":30}},"8":{"start":{"line":48,"column":22},"end":{"line":51,"column":32}},"9":{"start":{"line":50,"column":16},"end":{"line":50,"column":24}},"10":{"start":{"line":51,"column":19},"end":{"line":51,"column":31}},"11":{"start":{"line":54,"column":24},"end":{"line":54,"column":70}},"12":{"start":{"line":54,"column":50},"end":{"line":54,"column":69}},"13":{"start":{"line":55,"column":26},"end":{"line":55,"column":73}},"14":{"start":{"line":55,"column":52},"end":{"line":55,"column":72}},"15":{"start":{"line":57,"column":4},"end":{"line":63,"column":5}},"16":{"start":{"line":58,"column":6},"end":{"line":61,"column":8}},"17":{"start":{"line":62,"column":6},"end":{"line":62,"column":13}},"18":{"start":{"line":66,"column":25},"end":{"line":66,"column":66}},"19":{"start":{"line":67,"column":4},"end":{"line":67,"column":28}},"20":{"start":{"line":68,"column":4},"end":{"line":68,"column":22}},"21":{"start":{"line":71,"column":22},"end":{"line":73,"column":3}},"22":{"start":{"line":72,"column":4},"end":{"line":72,"column":63}},"23":{"start":{"line":72,"column":37},"end":{"line":72,"column":60}},"24":{"start":{"line":75,"column":23},"end":{"line":81,"column":3}},"25":{"start":{"line":76,"column":4},"end":{"line":79,"column":5}},"26":{"start":{"line":77,"column":6},"end":{"line":77,"column":63}},"27":{"start":{"line":78,"column":6},"end":{"line":78,"column":13}},"28":{"start":{"line":80,"column":4},"end":{"line":80,"column":18}},"29":{"start":{"line":83,"column":22},"end":{"line":87,"column":3}},"30":{"start":{"line":84,"column":4},"end":{"line":84,"column":18}},"31":{"start":{"line":85,"column":4},"end":{"line":85,"column":22}},"32":{"start":{"line":86,"column":4},"end":{"line":86,"column":14}},"33":{"start":{"line":89,"column":2},"end":{"line":186,"column":4}},"34":{"start":{"line":143,"column":20},"end":{"line":152,"column":27}},"35":{"start":{"line":145,"column":55},"end":{"line":145,"column":73}},"36":{"start":{"line":189,"column":15},"end":{"line":307,"column":2}}},"fnMap":{"0":{"name":"(anonymous_0)","decl":{"start":{"line":34,"column":63},"end":{"line":34,"column":64}},"loc":{"start":{"line":39,"column":6},"end":{"line":187,"column":1}},"line":39},"1":{"name":"(anonymous_1)","decl":{"start":{"line":43,"column":25},"end":{"line":43,"column":26}},"loc":{"start":{"line":43,"column":31},"end":{"line":69,"column":3}},"line":43},"2":{"name":"(anonymous_2)","decl":{"start":{"line":50,"column":11},"end":{"line":50,"column":12}},"loc":{"start":{"line":50,"column":16},"end":{"line":50,"column":24}},"line":50},"3":{"name":"(anonymous_3)","decl":{"start":{"line":51,"column":14},"end":{"line":51,"column":15}},"loc":{"start":{"line":51,"column":19},"end":{"line":51,"column":31}},"line":51},"4":{"name":"(anonymous_4)","decl":{"start":{"line":54,"column":41},"end":{"line":54,"column":42}},"loc":{"start":{"line":54,"column":50},"end":{"line":54,"column":69}},"line":54},"5":{"name":"(anonymous_5)","decl":{"start":{"line":55,"column":43},"end":{"line":55,"column":44}},"loc":{"start":{"line":55,"column":52},"end":{"line":55,"column":72}},"line":55},"6":{"name":"(anonymous_6)","decl":{"start":{"line":71,"column":22},"end":{"line":71,"column":23}},"loc":{"start":{"line":71,"column":49},"end":{"line":73,"column":3}},"line":71},"7":{"name":"(anonymous_7)","decl":{"start":{"line":72,"column":28},"end":{"line":72,"column":29}},"loc":{"start":{"line":72,"column":37},"end":{"line":72,"column":60}},"line":72},"8":{"name":"(anonymous_8)","decl":{"start":{"line":75,"column":23},"end":{"line":75,"column":24}},"loc":{"start":{"line":75,"column":29},"end":{"line":81,"column":3}},"line":75},"9":{"name":"(anonymous_9)","decl":{"start":{"line":83,"column":22},"end":{"line":83,"column":23}},"loc":{"start":{"line":83,"column":28},"end":{"line":87,"column":3}},"line":83},"10":{"name":"(anonymous_10)","decl":{"start":{"line":142,"column":30},"end":{"line":142,"column":31}},"loc":{"start":{"line":143,"column":20},"end":{"line":152,"column":27}},"line":143},"11":{"name":"(anonymous_11)","decl":{"start":{"line":145,"column":49},"end":{"line":145,"column":50}},"loc":{"start":{"line":145,"column":55},"end":{"line":145,"column":73}},"line":145}},"branchMap":{"0":{"loc":{"start":{"line":38,"column":2},"end":{"line":38,"column":19}},"type":"default-arg","locations":[{"start":{"line":38,"column":14},"end":{"line":38,"column":19}}],"line":38},"1":{"loc":{"start":{"line":45,"column":4},"end":{"line":45,"column":30}},"type":"if","locations":[{"start":{"line":45,"column":4},"end":{"line":45,"column":30}},{"start":{},"end":{}}],"line":45},"2":{"loc":{"start":{"line":57,"column":4},"end":{"line":63,"column":5}},"type":"if","locations":[{"start":{"line":57,"column":4},"end":{"line":63,"column":5}},{"start":{},"end":{}}],"line":57},"3":{"loc":{"start":{"line":76,"column":4},"end":{"line":79,"column":5}},"type":"if","locations":[{"start":{"line":76,"column":4},"end":{"line":79,"column":5}},{"start":{},"end":{}}],"line":76},"4":{"loc":{"start":{"line":99,"column":20},"end":{"line":99,"column":64}},"type":"cond-expr","locations":[{"start":{"line":99,"column":44},"end":{"line":99,"column":53}},{"start":{"line":99,"column":56},"end":{"line":99,"column":64}}],"line":99},"5":{"loc":{"start":{"line":172,"column":18},"end":{"line":172,"column":62}},"type":"binary-expr","locations":[{"start":{"line":172,"column":18},"end":{"line":172,"column":37}},{"start":{"line":172,"column":41},"end":{"line":172,"column":62}}],"line":172},"6":{"loc":{"start":{"line":175,"column":26},"end":{"line":175,"column":58}},"type":"binary-expr","locations":[{"start":{"line":175,"column":26},"end":{"line":175,"column":35}},{"start":{"line":175,"column":39},"end":{"line":175,"column":58}}],"line":175},"7":{"loc":{"start":{"line":178,"column":19},"end":{"line":178,"column":61}},"type":"cond-expr","locations":[{"start":{"line":178,"column":31},"end":{"line":178,"column":47}},{"start":{"line":178,"column":50},"end":{"line":178,"column":61}}],"line":178}},"s":{"0":2,"1":2,"2":4,"3":4,"4":4,"5":0,"6":0,"7":0,"8":0,"9":0,"10":0,"11":0,"12":0,"13":0,"14":0,"15":0,"16":0,"17":0,"18":0,"19":0,"20":0,"21":4,"22":0,"23":0,"24":4,"25":0,"26":0,"27":0,"28":0,"29":4,"30":0,"31":0,"32":0,"33":4,"34":0,"35":0,"36":2},"f":{"0":4,"1":0,"2":0,"3":0,"4":0,"5":0,"6":0,"7":0,"8":0,"9":0,"10":0,"11":0},"b":{"0":[2],"1":[0,0],"2":[0,0],"3":[0,0],"4":[4,0],"5":[4,4],"6":[4,3],"7":[1,3]},"_coverageSchema":"1a1c01bbd47fc00a2c39e90264f33305004495a9","hash":"d959413542acc15d034b3f2b858e552ec0d5e38b"}
,"C:\\Users\\Ana\\projects\\kdvc\\mobile\\src\\components\\AttendanceModal.tsx": {"path":"C:\\Users\\Ana\\projects\\kdvc\\mobile\\src\\components\\AttendanceModal.tsx","statementMap":{"0":{"start":{"line":30,"column":63},"end":{"line":144,"column":1}},"1":{"start":{"line":39,"column":42},"end":{"line":39,"column":68}},"2":{"start":{"line":40,"column":2},"end":{"line":40,"column":72}},"3":{"start":{"line":40,"column":26},"end":{"line":40,"column":54}},"4":{"start":{"line":42,"column":23},"end":{"line":42,"column":61}},"5":{"start":{"line":42,"column":44},"end":{"line":42,"column":53}},"6":{"start":{"line":43,"column":21},"end":{"line":43,"column":36}},"7":{"start":{"line":44,"column":2},"end":{"line":143,"column":4}},"8":{"start":{"line":62,"column":16},"end":{"line":64,"column":17}},"9":{"start":{"line":63,"column":18},"end":{"line":63,"column":46}},"10":{"start":{"line":77,"column":34},"end":{"line":77,"column":41}},"11":{"start":{"line":79,"column":14},"end":{"line":132,"column":21}},"12":{"start":{"line":101,"column":35},"end":{"line":101,"column":63}},"13":{"start":{"line":120,"column":35},"end":{"line":120,"column":64}},"14":{"start":{"line":146,"column":15},"end":{"line":280,"column":2}}},"fnMap":{"0":{"name":"(anonymous_0)","decl":{"start":{"line":30,"column":63},"end":{"line":30,"column":64}},"loc":{"start":{"line":38,"column":6},"end":{"line":144,"column":1}},"line":38},"1":{"name":"(anonymous_1)","decl":{"start":{"line":40,"column":18},"end":{"line":40,"column":19}},"loc":{"start":{"line":40,"column":24},"end":{"line":40,"column":56}},"line":40},"2":{"name":"(anonymous_2)","decl":{"start":{"line":42,"column":39},"end":{"line":42,"column":40}},"loc":{"start":{"line":42,"column":44},"end":{"line":42,"column":53}},"line":42},"3":{"name":"(anonymous_3)","decl":{"start":{"line":61,"column":22},"end":{"line":61,"column":23}},"loc":{"start":{"line":61,"column":28},"end":{"line":65,"column":15}},"line":61},"4":{"name":"(anonymous_4)","decl":{"start":{"line":77,"column":26},"end":{"line":77,"column":27}},"loc":{"start":{"line":77,"column":34},"end":{"line":77,"column":41}},"line":77},"5":{"name":"(anonymous_5)","decl":{"start":{"line":78,"column":24},"end":{"line":78,"column":25}},"loc":{"start":{"line":79,"column":14},"end":{"line":132,"column":21}},"line":79},"6":{"name":"(anonymous_6)","decl":{"start":{"line":101,"column":29},"end":{"line":101,"column":30}},"loc":{"start":{"line":101,"column":35},"end":{"line":101,"column":63}},"line":101},"7":{"name":"(anonymous_7)","decl":{"start":{"line":120,"column":29},"end":{"line":120,"column":30}},"loc":{"start":{"line":120,"column":35},"end":{"line":120,"column":64}},"line":120}},"branchMap":{"0":{"loc":{"start":{"line":62,"column":16},"end":{"line":64,"column":17}},"type":"if","locations":[{"start":{"line":62,"column":16},"end":{"line":64,"column":17}},{"start":{},"end":{}}],"line":62},"1":{"loc":{"start":{"line":62,"column":20},"end":{"line":62,"column":64}},"type":"binary-expr","locations":[{"start":{"line":62,"column":20},"end":{"line":62,"column":33}},{"start":{"line":62,"column":37},"end":{"line":62,"column":64}}],"line":62},"2":{"loc":{"start":{"line":84,"column":22},"end":{"line":84,"column":75}},"type":"cond-expr","locations":[{"start":{"line":84,"column":37},"end":{"line":84,"column":55}},{"start":{"line":84,"column":58},"end":{"line":84,"column":75}}],"line":84},"3":{"loc":{"start":{"line":90,"column":21},"end":{"line":90,"column":57}},"type":"binary-expr","locations":[{"start":{"line":90,"column":21},"end":{"line":90,"column":38}},{"start":{"line":90,"column":42},"end":{"line":90,"column":57}}],"line":90},"4":{"loc":{"start":{"line":97,"column":22},"end":{"line":99,"column":54}},"type":"cond-expr","locations":[{"start":{"line":98,"column":26},"end":{"line":98,"column":52}},{"start":{"line":99,"column":26},"end":{"line":99,"column":54}}],"line":97},"5":{"loc":{"start":{"line":106,"column":24},"end":{"line":106,"column":78}},"type":"cond-expr","locations":[{"start":{"line":106,"column":39},"end":{"line":106,"column":56}},{"start":{"line":106,"column":59},"end":{"line":106,"column":78}}],"line":106},"6":{"loc":{"start":{"line":116,"column":22},"end":{"line":118,"column":53}},"type":"cond-expr","locations":[{"start":{"line":117,"column":26},"end":{"line":117,"column":51}},{"start":{"line":118,"column":26},"end":{"line":118,"column":53}}],"line":116},"7":{"loc":{"start":{"line":125,"column":24},"end":{"line":125,"column":79}},"type":"cond-expr","locations":[{"start":{"line":125,"column":40},"end":{"line":125,"column":57}},{"start":{"line":125,"column":60},"end":{"line":125,"column":79}}],"line":125}},"s":{"0":2,"1":9,"2":9,"3":9,"4":9,"5":14,"6":9,"7":9,"8":0,"9":0,"10":21,"11":14,"12":0,"13":0,"14":2},"f":{"0":9,"1":9,"2":14,"3":0,"4":21,"5":14,"6":0,"7":0},"b":{"0":[0,0],"1":[0,0],"2":[7,7],"3":[14,0],"4":[7,7],"5":[7,7],"6":[7,7],"7":[7,7]},"_coverageSchema":"1a1c01bbd47fc00a2c39e90264f33305004495a9","hash":"ed40172cb9fbc528a48ac5926d20c011a885a6cf"}
,"C:\\Users\\Ana\\projects\\kdvc\\mobile\\src\\components\\ClassCard.tsx": {"path":"C:\\Users\\Ana\\projects\\kdvc\\mobile\\src\\components\\ClassCard.tsx","statementMap":{"0":{"start":{"line":11,"column":15},"end":{"line":25,"column":1}},"1":{"start":{"line":49,"column":22},"end":{"line":54,"column":18}},"2":{"start":{"line":51,"column":17},"end":{"line":51,"column":24}},"3":{"start":{"line":56,"column":19},"end":{"line":59,"column":3}},"4":{"start":{"line":57,"column":4},"end":{"line":57,"column":24}},"5":{"start":{"line":57,"column":14},"end":{"line":57,"column":24}},"6":{"start":{"line":58,"column":4},"end":{"line":58,"column":66}},"7":{"start":{"line":61,"column":23},"end":{"line":61,"column":42}},"8":{"start":{"line":62,"column":22},"end":{"line":62,"column":47}},"9":{"start":{"line":63,"column":23},"end":{"line":63,"column":74}},"10":{"start":{"line":65,"column":2},"end":{"line":117,"column":4}},"11":{"start":{"line":120,"column":15},"end":{"line":240,"column":2}}},"fnMap":{"0":{"name":"ClassCard","decl":{"start":{"line":38,"column":16},"end":{"line":38,"column":25}},"loc":{"start":{"line":47,"column":19},"end":{"line":118,"column":1}},"line":47},"1":{"name":"(anonymous_1)","decl":{"start":{"line":51,"column":9},"end":{"line":51,"column":10}},"loc":{"start":{"line":51,"column":17},"end":{"line":51,"column":24}},"line":51},"2":{"name":"(anonymous_2)","decl":{"start":{"line":56,"column":19},"end":{"line":56,"column":20}},"loc":{"start":{"line":56,"column":61},"end":{"line":59,"column":3}},"line":56}},"branchMap":{"0":{"loc":{"start":{"line":42,"column":2},"end":{"line":42,"column":28}},"type":"default-arg","locations":[{"start":{"line":42,"column":23},"end":{"line":42,"column":28}}],"line":42},"1":{"loc":{"start":{"line":44,"column":2},"end":{"line":44,"column":22}},"type":"default-arg","locations":[{"start":{"line":44,"column":17},"end":{"line":44,"column":22}}],"line":44},"2":{"loc":{"start":{"line":57,"column":4},"end":{"line":57,"column":24}},"type":"if","locations":[{"start":{"line":57,"column":4},"end":{"line":57,"column":24}},{"start":{},"end":{}}],"line":57},"3":{"loc":{"start":{"line":58,"column":11},"end":{"line":58,"column":65}},"type":"cond-expr","locations":[{"start":{"line":58,"column":30},"end":{"line":58,"column":59}},{"start":{"line":58,"column":62},"end":{"line":58,"column":65}}],"line":58},"4":{"loc":{"start":{"line":63,"column":23},"end":{"line":63,"column":74}},"type":"cond-expr","locations":[{"start":{"line":63,"column":37},"end":{"line":63,"column":62}},{"start":{"line":63,"column":65},"end":{"line":63,"column":74}}],"line":63},"5":{"loc":{"start":{"line":73,"column":11},"end":{"line":77,"column":11}},"type":"cond-expr","locations":[{"start":{"line":74,"column":12},"end":{"line":74,"column":74}},{"start":{"line":76,"column":12},"end":{"line":76,"column":64}}],"line":73},"6":{"loc":{"start":{"line":87,"column":7},"end":{"line":115,"column":7}},"type":"cond-expr","locations":[{"start":{"line":88,"column":8},"end":{"line":110,"column":15}},{"start":{"line":112,"column":8},"end":{"line":114,"column":15}}],"line":87},"7":{"loc":{"start":{"line":91,"column":15},"end":{"line":91,"column":74}},"type":"cond-expr","locations":[{"start":{"line":91,"column":30},"end":{"line":91,"column":56}},{"start":{"line":91,"column":59},"end":{"line":91,"column":74}}],"line":91},"8":{"loc":{"start":{"line":98,"column":14},"end":{"line":98,"column":53}},"type":"binary-expr","locations":[{"start":{"line":98,"column":14},"end":{"line":98,"column":26}},{"start":{"line":98,"column":30},"end":{"line":98,"column":53}}],"line":98},"9":{"loc":{"start":{"line":100,"column":21},"end":{"line":100,"column":66}},"type":"cond-expr","locations":[{"start":{"line":100,"column":36},"end":{"line":100,"column":45}},{"start":{"line":100,"column":48},"end":{"line":100,"column":66}}],"line":100},"10":{"loc":{"start":{"line":105,"column":14},"end":{"line":105,"column":57}},"type":"binary-expr","locations":[{"start":{"line":105,"column":14},"end":{"line":105,"column":26}},{"start":{"line":105,"column":30},"end":{"line":105,"column":57}}],"line":105},"11":{"loc":{"start":{"line":107,"column":15},"end":{"line":107,"column":56}},"type":"cond-expr","locations":[{"start":{"line":107,"column":30},"end":{"line":107,"column":42}},{"start":{"line":107,"column":45},"end":{"line":107,"column":56}}],"line":107}},"s":{"0":2,"1":10,"2":12,"3":10,"4":21,"5":0,"6":21,"7":10,"8":10,"9":10,"10":10,"11":2},"f":{"0":10,"1":12,"2":21},"b":{"0":[5],"1":[8],"2":[0,21],"3":[0,21],"4":[1,9],"5":[1,9],"6":[4,6],"7":[1,3],"8":[4,1],"9":[1,3],"10":[4,1],"11":[1,3]},"_coverageSchema":"1a1c01bbd47fc00a2c39e90264f33305004495a9","hash":"ae6e17f010ac0072ca6a46d2e8cf4e2b69ef2d12"}
,"C:\\Users\\Ana\\projects\\kdvc\\mobile\\src\\components\\DisciplineCard.tsx": {"path":"C:\\Users\\Ana\\projects\\kdvc\\mobile\\src\\components\\DisciplineCard.tsx","statementMap":{"0":{"start":{"line":4,"column":15},"end":{"line":16,"column":1}},"1":{"start":{"line":41,"column":22},"end":{"line":46,"column":18}},"2":{"start":{"line":43,"column":17},"end":{"line":43,"column":24}},"3":{"start":{"line":48,"column":19},"end":{"line":51,"column":3}},"4":{"start":{"line":49,"column":4},"end":{"line":49,"column":24}},"5":{"start":{"line":49,"column":14},"end":{"line":49,"column":24}},"6":{"start":{"line":50,"column":4},"end":{"line":50,"column":66}},"7":{"start":{"line":53,"column":22},"end":{"line":53,"column":40}},"8":{"start":{"line":54,"column":26},"end":{"line":54,"column":48}},"9":{"start":{"line":56,"column":2},"end":{"line":102,"column":4}},"10":{"start":{"line":86,"column":23},"end":{"line":86,"column":47}},"11":{"start":{"line":105,"column":15},"end":{"line":210,"column":2}}},"fnMap":{"0":{"name":"DisciplineCard","decl":{"start":{"line":30,"column":16},"end":{"line":30,"column":30}},"loc":{"start":{"line":40,"column":24},"end":{"line":103,"column":1}},"line":40},"1":{"name":"(anonymous_1)","decl":{"start":{"line":43,"column":9},"end":{"line":43,"column":10}},"loc":{"start":{"line":43,"column":17},"end":{"line":43,"column":24}},"line":43},"2":{"name":"(anonymous_2)","decl":{"start":{"line":48,"column":19},"end":{"line":48,"column":20}},"loc":{"start":{"line":48,"column":61},"end":{"line":51,"column":3}},"line":48},"3":{"name":"(anonymous_3)","decl":{"start":{"line":86,"column":17},"end":{"line":86,"column":18}},"loc":{"start":{"line":86,"column":23},"end":{"line":86,"column":47}},"line":86}},"branchMap":{"0":{"loc":{"start":{"line":37,"column":2},"end":{"line":37,"column":17}},"type":"default-arg","locations":[{"start":{"line":37,"column":13},"end":{"line":37,"column":17}}],"line":37},"1":{"loc":{"start":{"line":38,"column":2},"end":{"line":38,"column":23}},"type":"default-arg","locations":[{"start":{"line":38,"column":18},"end":{"line":38,"column":23}}],"line":38},"2":{"loc":{"start":{"line":39,"column":2},"end":{"line":39,"column":20}},"type":"default-arg","locations":[{"start":{"line":39,"column":16},"end":{"line":39,"column":20}}],"line":39},"3":{"loc":{"start":{"line":49,"column":4},"end":{"line":49,"column":24}},"type":"if","locations":[{"start":{"line":49,"column":4},"end":{"line":49,"column":24}},{"start":{},"end":{}}],"line":49},"4":{"loc":{"start":{"line":50,"column":11},"end":{"line":50,"column":65}},"type":"cond-expr","locations":[{"start":{"line":50,"column":30},"end":{"line":50,"column":59}},{"start":{"line":50,"column":62},"end":{"line":50,"column":65}}],"line":50},"5":{"loc":{"start":{"line":64,"column":11},"end":{"line":68,"column":11}},"type":"cond-expr","locations":[{"start":{"line":65,"column":12},"end":{"line":65,"column":74}},{"start":{"line":67,"column":12},"end":{"line":67,"column":64}}],"line":64},"6":{"loc":{"start":{"line":73,"column":11},"end":{"line":73,"column":116}},"type":"binary-expr","locations":[{"start":{"line":73,"column":11},"end":{"line":73,"column":19}},{"start":{"line":73,"column":23},"end":{"line":73,"column":116}}],"line":73},"7":{"loc":{"start":{"line":74,"column":11},"end":{"line":76,"column":11}},"type":"binary-expr","locations":[{"start":{"line":74,"column":11},"end":{"line":74,"column":37}},{"start":{"line":75,"column":12},"end":{"line":75,"column":69}}],"line":74},"8":{"loc":{"start":{"line":83,"column":10},"end":{"line":83,"column":48}},"type":"binary-expr","locations":[{"start":{"line":83,"column":10},"end":{"line":83,"column":19}},{"start":{"line":83,"column":23},"end":{"line":83,"column":48}}],"line":83},"9":{"loc":{"start":{"line":84,"column":10},"end":{"line":84,"column":46}},"type":"binary-expr","locations":[{"start":{"line":84,"column":10},"end":{"line":84,"column":23}},{"start":{"line":84,"column":27},"end":{"line":84,"column":46}}],"line":84},"10":{"loc":{"start":{"line":92,"column":12},"end":{"line":92,"column":54}},"type":"binary-expr","locations":[{"start":{"line":92,"column":12},"end":{"line":92,"column":21}},{"start":{"line":92,"column":25},"end":{"line":92,"column":54}}],"line":92},"11":{"loc":{"start":{"line":93,"column":12},"end":{"line":93,"column":52}},"type":"binary-expr","locations":[{"start":{"line":93,"column":12},"end":{"line":93,"column":25}},{"start":{"line":93,"column":29},"end":{"line":93,"column":52}}],"line":93},"12":{"loc":{"start":{"line":96,"column":11},"end":{"line":98,"column":31}},"type":"cond-expr","locations":[{"start":{"line":97,"column":14},"end":{"line":97,"column":33}},{"start":{"line":98,"column":14},"end":{"line":98,"column":31}}],"line":96}},"s":{"0":2,"1":8,"2":9,"3":8,"4":16,"5":7,"6":9,"7":8,"8":8,"9":8,"10":0,"11":2},"f":{"0":8,"1":9,"2":16,"3":0},"b":{"0":[6],"1":[8],"2":[8],"3":[7,9],"4":[0,9],"5":[1,7],"6":[8,1],"7":[8,1],"8":[8,1],"9":[8,0],"10":[8,1],"11":[8,0],"12":[7,1]},"_coverageSchema":"1a1c01bbd47fc00a2c39e90264f33305004495a9","hash":"73345fdf540e196609bdd34d83696a728f88220e"}
,"C:\\Users\\Ana\\projects\\kdvc\\mobile\\src\\components\\EditCourseModal.tsx": {"path":"C:\\Users\\Ana\\projects\\kdvc\\mobile\\src\\components\\EditCourseModal.tsx","statementMap":{"0":{"start":{"line":30,"column":15},"end":{"line":38,"column":1}},"1":{"start":{"line":40,"column":31},"end":{"line":194,"column":1}},"2":{"start":{"line":46,"column":28},"end":{"line":46,"column":40}},"3":{"start":{"line":47,"column":42},"end":{"line":47,"column":54}},"4":{"start":{"line":48,"column":34},"end":{"line":48,"column":73}},"5":{"start":{"line":49,"column":34},"end":{"line":49,"column":49}},"6":{"start":{"line":50,"column":30},"end":{"line":50,"column":42}},"7":{"start":{"line":52,"column":4},"end":{"line":59,"column":26}},"8":{"start":{"line":53,"column":8},"end":{"line":58,"column":9}},"9":{"start":{"line":54,"column":12},"end":{"line":54,"column":39}},"10":{"start":{"line":55,"column":12},"end":{"line":55,"column":53}},"11":{"start":{"line":56,"column":12},"end":{"line":56,"column":52}},"12":{"start":{"line":57,"column":12},"end":{"line":57,"column":25}},"13":{"start":{"line":61,"column":28},"end":{"line":77,"column":5}},"14":{"start":{"line":62,"column":8},"end":{"line":76,"column":9}},"15":{"start":{"line":63,"column":27},"end":{"line":69,"column":14}},"16":{"start":{"line":70,"column":12},"end":{"line":73,"column":13}},"17":{"start":{"line":71,"column":34},"end":{"line":71,"column":115}},"18":{"start":{"line":72,"column":16},"end":{"line":72,"column":38}},"19":{"start":{"line":75,"column":12},"end":{"line":75,"column":52}},"20":{"start":{"line":79,"column":23},"end":{"line":124,"column":5}},"21":{"start":{"line":80,"column":8},"end":{"line":83,"column":9}},"22":{"start":{"line":81,"column":12},"end":{"line":81,"column":55}},"23":{"start":{"line":82,"column":12},"end":{"line":82,"column":19}},"24":{"start":{"line":85,"column":32},"end":{"line":85,"column":34}},"25":{"start":{"line":86,"column":25},"end":{"line":86,"column":30}},"26":{"start":{"line":88,"column":8},"end":{"line":91,"column":9}},"27":{"start":{"line":89,"column":12},"end":{"line":89,"column":35}},"28":{"start":{"line":90,"column":12},"end":{"line":90,"column":30}},"29":{"start":{"line":92,"column":8},"end":{"line":95,"column":9}},"30":{"start":{"line":93,"column":12},"end":{"line":93,"column":49}},"31":{"start":{"line":94,"column":12},"end":{"line":94,"column":30}},"32":{"start":{"line":96,"column":8},"end":{"line":99,"column":9}},"33":{"start":{"line":97,"column":12},"end":{"line":97,"column":47}},"34":{"start":{"line":98,"column":12},"end":{"line":98,"column":30}},"35":{"start":{"line":101,"column":8},"end":{"line":104,"column":9}},"36":{"start":{"line":102,"column":12},"end":{"line":102,"column":22}},"37":{"start":{"line":103,"column":12},"end":{"line":103,"column":19}},"38":{"start":{"line":106,"column":8},"end":{"line":106,"column":25}},"39":{"start":{"line":107,"column":8},"end":{"line":107,"column":21}},"40":{"start":{"line":109,"column":8},"end":{"line":123,"column":9}},"41":{"start":{"line":110,"column":28},"end":{"line":113,"column":14}},"42":{"start":{"line":114,"column":12},"end":{"line":116,"column":13}},"43":{"start":{"line":115,"column":16},"end":{"line":115,"column":39}},"44":{"start":{"line":117,"column":12},"end":{"line":117,"column":22}},"45":{"start":{"line":119,"column":12},"end":{"line":119,"column":31}},"46":{"start":{"line":120,"column":12},"end":{"line":120,"column":57}},"47":{"start":{"line":122,"column":12},"end":{"line":122,"column":30}},"48":{"start":{"line":126,"column":4},"end":{"line":193,"column":6}},"49":{"start":{"line":159,"column":51},"end":{"line":159,"column":62}},"50":{"start":{"line":159,"column":63},"end":{"line":159,"column":87}},"51":{"start":{"line":159,"column":74},"end":{"line":159,"column":87}},"52":{"start":{"line":196,"column":15},"end":{"line":293,"column":2}}},"fnMap":{"0":{"name":"(anonymous_0)","decl":{"start":{"line":40,"column":31},"end":{"line":40,"column":32}},"loc":{"start":{"line":45,"column":28},"end":{"line":194,"column":1}},"line":45},"1":{"name":"(anonymous_1)","decl":{"start":{"line":52,"column":14},"end":{"line":52,"column":15}},"loc":{"start":{"line":52,"column":20},"end":{"line":59,"column":5}},"line":52},"2":{"name":"(anonymous_2)","decl":{"start":{"line":61,"column":28},"end":{"line":61,"column":29}},"loc":{"start":{"line":61,"column":40},"end":{"line":77,"column":5}},"line":61},"3":{"name":"(anonymous_3)","decl":{"start":{"line":79,"column":23},"end":{"line":79,"column":24}},"loc":{"start":{"line":79,"column":35},"end":{"line":124,"column":5}},"line":79},"4":{"name":"(anonymous_4)","decl":{"start":{"line":159,"column":42},"end":{"line":159,"column":43}},"loc":{"start":{"line":159,"column":49},"end":{"line":159,"column":89}},"line":159}},"branchMap":{"0":{"loc":{"start":{"line":53,"column":8},"end":{"line":58,"column":9}},"type":"if","locations":[{"start":{"line":53,"column":8},"end":{"line":58,"column":9}},{"start":{},"end":{}}],"line":53},"1":{"loc":{"start":{"line":53,"column":12},"end":{"line":53,"column":29}},"type":"binary-expr","locations":[{"start":{"line":53,"column":12},"end":{"line":53,"column":19}},{"start":{"line":53,"column":23},"end":{"line":53,"column":29}}],"line":53},"2":{"loc":{"start":{"line":54,"column":20},"end":{"line":54,"column":37}},"type":"binary-expr","locations":[{"start":{"line":54,"column":20},"end":{"line":54,"column":31}},{"start":{"line":54,"column":35},"end":{"line":54,"column":37}}],"line":54},"3":{"loc":{"start":{"line":55,"column":27},"end":{"line":55,"column":51}},"type":"binary-expr","locations":[{"start":{"line":55,"column":27},"end":{"line":55,"column":45}},{"start":{"line":55,"column":49},"end":{"line":55,"column":51}}],"line":55},"4":{"loc":{"start":{"line":56,"column":23},"end":{"line":56,"column":50}},"type":"binary-expr","locations":[{"start":{"line":56,"column":23},"end":{"line":56,"column":37}},{"start":{"line":56,"column":41},"end":{"line":56,"column":50}}],"line":56},"5":{"loc":{"start":{"line":70,"column":12},"end":{"line":73,"column":13}},"type":"if","locations":[{"start":{"line":70,"column":12},"end":{"line":73,"column":13}},{"start":{},"end":{}}],"line":70},"6":{"loc":{"start":{"line":70,"column":16},"end":{"line":70,"column":57}},"type":"binary-expr","locations":[{"start":{"line":70,"column":16},"end":{"line":70,"column":29}},{"start":{"line":70,"column":33},"end":{"line":70,"column":57}}],"line":70},"7":{"loc":{"start":{"line":71,"column":42},"end":{"line":71,"column":79}},"type":"binary-expr","locations":[{"start":{"line":71,"column":42},"end":{"line":71,"column":63}},{"start":{"line":71,"column":67},"end":{"line":71,"column":79}}],"line":71},"8":{"loc":{"start":{"line":80,"column":8},"end":{"line":83,"column":9}},"type":"if","locations":[{"start":{"line":80,"column":8},"end":{"line":83,"column":9}},{"start":{},"end":{}}],"line":80},"9":{"loc":{"start":{"line":88,"column":8},"end":{"line":91,"column":9}},"type":"if","locations":[{"start":{"line":88,"column":8},"end":{"line":91,"column":9}},{"start":{},"end":{}}],"line":88},"10":{"loc":{"start":{"line":88,"column":22},"end":{"line":88,"column":40}},"type":"binary-expr","locations":[{"start":{"line":88,"column":22},"end":{"line":88,"column":34}},{"start":{"line":88,"column":38},"end":{"line":88,"column":40}}],"line":88},"11":{"loc":{"start":{"line":92,"column":8},"end":{"line":95,"column":9}},"type":"if","locations":[{"start":{"line":92,"column":8},"end":{"line":95,"column":9}},{"start":{},"end":{}}],"line":92},"12":{"loc":{"start":{"line":92,"column":29},"end":{"line":92,"column":54}},"type":"binary-expr","locations":[{"start":{"line":92,"column":29},"end":{"line":92,"column":48}},{"start":{"line":92,"column":52},"end":{"line":92,"column":54}}],"line":92},"13":{"loc":{"start":{"line":96,"column":8},"end":{"line":99,"column":9}},"type":"if","locations":[{"start":{"line":96,"column":8},"end":{"line":99,"column":9}},{"start":{},"end":{}}],"line":96},"14":{"loc":{"start":{"line":96,"column":25},"end":{"line":96,"column":53}},"type":"binary-expr","locations":[{"start":{"line":96,"column":25},"end":{"line":96,"column":40}},{"start":{"line":96,"column":44},"end":{"line":96,"column":53}}],"line":96},"15":{"loc":{"start":{"line":97,"column":33},"end":{"line":97,"column":46}},"type":"binary-expr","locations":[{"start":{"line":97,"column":33},"end":{"line":97,"column":40}},{"start":{"line":97,"column":44},"end":{"line":97,"column":46}}],"line":97},"16":{"loc":{"start":{"line":101,"column":8},"end":{"line":104,"column":9}},"type":"if","locations":[{"start":{"line":101,"column":8},"end":{"line":104,"column":9}},{"start":{},"end":{}}],"line":101},"17":{"loc":{"start":{"line":114,"column":12},"end":{"line":116,"column":13}},"type":"if","locations":[{"start":{"line":114,"column":12},"end":{"line":116,"column":13}},{"start":{},"end":{}}],"line":114},"18":{"loc":{"start":{"line":144,"column":25},"end":{"line":150,"column":25}},"type":"cond-expr","locations":[{"start":{"line":145,"column":28},"end":{"line":145,"column":92}},{"start":{"line":147,"column":28},"end":{"line":149,"column":35}}],"line":144},"19":{"loc":{"start":{"line":157,"column":50},"end":{"line":157,"column":82}},"type":"cond-expr","locations":[{"start":{"line":157,"column":58},"end":{"line":157,"column":75}},{"start":{"line":157,"column":78},"end":{"line":157,"column":82}}],"line":157},"20":{"loc":{"start":{"line":159,"column":63},"end":{"line":159,"column":87}},"type":"if","locations":[{"start":{"line":159,"column":63},"end":{"line":159,"column":87}},{"start":{},"end":{}}],"line":159},"21":{"loc":{"start":{"line":163,"column":25},"end":{"line":163,"column":85}},"type":"cond-expr","locations":[{"start":{"line":163,"column":33},"end":{"line":163,"column":78}},{"start":{"line":163,"column":81},"end":{"line":163,"column":85}}],"line":163},"22":{"loc":{"start":{"line":180,"column":51},"end":{"line":180,"column":83}},"type":"binary-expr","locations":[{"start":{"line":180,"column":51},"end":{"line":180,"column":58}},{"start":{"line":180,"column":62},"end":{"line":180,"column":83}}],"line":180},"23":{"loc":{"start":{"line":184,"column":25},"end":{"line":188,"column":25}},"type":"cond-expr","locations":[{"start":{"line":185,"column":28},"end":{"line":185,"column":70}},{"start":{"line":187,"column":28},"end":{"line":187,"column":77}}],"line":184}},"s":{"0":2,"1":2,"2":5,"3":5,"4":5,"5":5,"6":5,"7":5,"8":4,"9":1,"10":1,"11":1,"12":1,"13":5,"14":0,"15":0,"16":0,"17":0,"18":0,"19":0,"20":5,"21":0,"22":0,"23":0,"24":0,"25":0,"26":0,"27":0,"28":0,"29":0,"30":0,"31":0,"32":0,"33":0,"34":0,"35":0,"36":0,"37":0,"38":0,"39":0,"40":0,"41":0,"42":0,"43":0,"44":0,"45":0,"46":0,"47":0,"48":5,"49":0,"50":0,"51":0,"52":2},"f":{"0":5,"1":4,"2":0,"3":0,"4":0},"b":{"0":[1,3],"1":[4,3],"2":[1,0],"3":[1,0],"4":[1,1],"5":[0,0],"6":[0,0],"7":[0,0],"8":[0,0],"9":[0,0],"10":[0,0],"11":[0,0],"12":[0,0],"13":[0,0],"14":[0,0],"15":[0,0],"16":[0,0],"17":[0,0],"18":[0,5],"19":[0,5],"20":[0,0],"21":[0,5],"22":[5,0],"23":[0,5]},"_coverageSchema":"1a1c01bbd47fc00a2c39e90264f33305004495a9","hash":"e3326511e524775eef66e0c8a36ea8c1326a3b4f"}
,"C:\\Users\\Ana\\projects\\kdvc\\mobile\\src\\components\\PresenceCard.tsx": {"path":"C:\\Users\\Ana\\projects\\kdvc\\mobile\\src\\components\\PresenceCard.tsx","statementMap":{"0":{"start":{"line":11,"column":19},"end":{"line":14,"column":3}},"1":{"start":{"line":12,"column":4},"end":{"line":12,"column":24}},"2":{"start":{"line":12,"column":14},"end":{"line":12,"column":24}},"3":{"start":{"line":13,"column":4},"end":{"line":13,"column":66}},"4":{"start":{"line":16,"column":23},"end":{"line":16,"column":55}},"5":{"start":{"line":18,"column":2},"end":{"line":28,"column":4}},"6":{"start":{"line":32,"column":15},"end":{"line":79,"column":2}}},"fnMap":{"0":{"name":"PresenceCard","decl":{"start":{"line":10,"column":24},"end":{"line":10,"column":36}},"loc":{"start":{"line":10,"column":70},"end":{"line":29,"column":1}},"line":10},"1":{"name":"(anonymous_1)","decl":{"start":{"line":11,"column":19},"end":{"line":11,"column":20}},"loc":{"start":{"line":11,"column":61},"end":{"line":14,"column":3}},"line":11}},"branchMap":{"0":{"loc":{"start":{"line":12,"column":4},"end":{"line":12,"column":24}},"type":"if","locations":[{"start":{"line":12,"column":4},"end":{"line":12,"column":24}},{"start":{},"end":{}}],"line":12},"1":{"loc":{"start":{"line":13,"column":11},"end":{"line":13,"column":65}},"type":"cond-expr","locations":[{"start":{"line":13,"column":30},"end":{"line":13,"column":59}},{"start":{"line":13,"column":62},"end":{"line":13,"column":65}}],"line":13},"2":{"loc":{"start":{"line":16,"column":32},"end":{"line":16,"column":50}},"type":"binary-expr","locations":[{"start":{"line":16,"column":32},"end":{"line":16,"column":37}},{"start":{"line":16,"column":41},"end":{"line":16,"column":50}}],"line":16},"3":{"loc":{"start":{"line":24,"column":35},"end":{"line":24,"column":75}},"type":"cond-expr","locations":[{"start":{"line":24,"column":45},"end":{"line":24,"column":59}},{"start":{"line":24,"column":62},"end":{"line":24,"column":75}}],"line":24},"4":{"loc":{"start":{"line":25,"column":9},"end":{"line":25,"column":41}},"type":"cond-expr","locations":[{"start":{"line":25,"column":19},"end":{"line":25,"column":29}},{"start":{"line":25,"column":32},"end":{"line":25,"column":41}}],"line":25}},"s":{"0":5,"1":5,"2":0,"3":5,"4":5,"5":5,"6":2},"f":{"0":5,"1":5},"b":{"0":[0,5],"1":[0,5],"2":[5,4],"3":[4,1],"4":[4,1]},"_coverageSchema":"1a1c01bbd47fc00a2c39e90264f33305004495a9","hash":"a001cbf006e7f0a0d1b4e6dd53a3cd7e97efedc3"}
,"C:\\Users\\Ana\\projects\\kdvc\\mobile\\src\\components\\PrimaryButton.tsx": {"path":"C:\\Users\\Ana\\projects\\kdvc\\mobile\\src\\components\\PrimaryButton.tsx","statementMap":{"0":{"start":{"line":11,"column":2},"end":{"line":19,"column":4}},"1":{"start":{"line":22,"column":15},"end":{"line":37,"column":2}}},"fnMap":{"0":{"name":"PrimaryButton","decl":{"start":{"line":10,"column":24},"end":{"line":10,"column":37}},"loc":{"start":{"line":10,"column":75},"end":{"line":20,"column":1}},"line":10}},"branchMap":{"0":{"loc":{"start":{"line":13,"column":29},"end":{"line":13,"column":56}},"type":"binary-expr","locations":[{"start":{"line":13,"column":29},"end":{"line":13,"column":37}},{"start":{"line":13,"column":41},"end":{"line":13,"column":56}}],"line":13}},"s":{"0":4,"1":1},"f":{"0":4},"b":{"0":[4,1]},"_coverageSchema":"1a1c01bbd47fc00a2c39e90264f33305004495a9","hash":"c04278cd380dbee0d3c2b1137c308ebb86d9adfc"}
,"C:\\Users\\Ana\\projects\\kdvc\\mobile\\src\\components\\ProfessorHomeHeader.tsx": {"path":"C:\\Users\\Ana\\projects\\kdvc\\mobile\\src\\components\\ProfessorHomeHeader.tsx","statementMap":{"0":{"start":{"line":9,"column":15},"end":{"line":15,"column":1}},"1":{"start":{"line":30,"column":21},"end":{"line":30,"column":41}},"2":{"start":{"line":32,"column":2},"end":{"line":76,"column":4}},"3":{"start":{"line":39,"column":12},"end":{"line":45,"column":13}},"4":{"start":{"line":40,"column":14},"end":{"line":40,"column":43}},"5":{"start":{"line":41,"column":14},"end":{"line":41,"column":56}},"6":{"start":{"line":42,"column":14},"end":{"line":42,"column":34}},"7":{"start":{"line":44,"column":14},"end":{"line":44,"column":31}},"8":{"start":{"line":46,"column":12},"end":{"line":46,"column":40}},"9":{"start":{"line":79,"column":15},"end":{"line":134,"column":2}}},"fnMap":{"0":{"name":"ProfessorHomeHeader","decl":{"start":{"line":24,"column":24},"end":{"line":24,"column":43}},"loc":{"start":{"line":29,"column":29},"end":{"line":77,"column":1}},"line":29},"1":{"name":"(anonymous_1)","decl":{"start":{"line":38,"column":19},"end":{"line":38,"column":20}},"loc":{"start":{"line":38,"column":31},"end":{"line":47,"column":11}},"line":38}},"branchMap":{"0":{"loc":{"start":{"line":54,"column":46},"end":{"line":54,"column":84}},"type":"binary-expr","locations":[{"start":{"line":54,"column":46},"end":{"line":54,"column":69}},{"start":{"line":54,"column":73},"end":{"line":54,"column":84}}],"line":54},"1":{"loc":{"start":{"line":59,"column":11},"end":{"line":63,"column":11}},"type":"binary-expr","locations":[{"start":{"line":59,"column":11},"end":{"line":59,"column":21}},{"start":{"line":60,"column":12},"end":{"line":62,"column":31}}],"line":59},"2":{"loc":{"start":{"line":67,"column":13},"end":{"line":71,"column":13}},"type":"cond-expr","locations":[{"start":{"line":68,"column":14},"end":{"line":68,"column":78}},{"start":{"line":70,"column":14},"end":{"line":70,"column":78}}],"line":67}},"s":{"0":2,"1":8,"2":8,"3":0,"4":0,"5":0,"6":0,"7":0,"8":0,"9":2},"f":{"0":8,"1":0},"b":{"0":[8,7],"1":[8,1],"2":[1,7]},"_coverageSchema":"1a1c01bbd47fc00a2c39e90264f33305004495a9","hash":"6ce165a9d08db9f42be737b7501187fa16c0ac05"}
,"C:\\Users\\Ana\\projects\\kdvc\\mobile\\src\\components\\ProfileModal.tsx": {"path":"C:\\Users\\Ana\\projects\\kdvc\\mobile\\src\\components\\ProfileModal.tsx","statementMap":{"0":{"start":{"line":35,"column":15},"end":{"line":43,"column":1}},"1":{"start":{"line":45,"column":28},"end":{"line":260,"column":1}},"2":{"start":{"line":52,"column":42},"end":{"line":52,"column":54}},"3":{"start":{"line":53,"column":40},"end":{"line":53,"column":52}},"4":{"start":{"line":54,"column":46},"end":{"line":54,"column":85}},"5":{"start":{"line":55,"column":32},"end":{"line":55,"column":47}},"6":{"start":{"line":56,"column":28},"end":{"line":56,"column":40}},"7":{"start":{"line":59,"column":2},"end":{"line":66,"column":22}},"8":{"start":{"line":60,"column":4},"end":{"line":65,"column":5}},"9":{"start":{"line":61,"column":6},"end":{"line":61,"column":47}},"10":{"start":{"line":62,"column":6},"end":{"line":62,"column":45}},"11":{"start":{"line":63,"column":6},"end":{"line":63,"column":58}},"12":{"start":{"line":64,"column":6},"end":{"line":64,"column":19}},"13":{"start":{"line":68,"column":26},"end":{"line":84,"column":3}},"14":{"start":{"line":69,"column":4},"end":{"line":83,"column":5}},"15":{"start":{"line":70,"column":21},"end":{"line":76,"column":8}},"16":{"start":{"line":77,"column":6},"end":{"line":80,"column":7}},"17":{"start":{"line":78,"column":26},"end":{"line":78,"column":107}},"18":{"start":{"line":79,"column":8},"end":{"line":79,"column":37}},"19":{"start":{"line":82,"column":6},"end":{"line":82,"column":46}},"20":{"start":{"line":86,"column":31},"end":{"line":91,"column":3}},"21":{"start":{"line":87,"column":4},"end":{"line":87,"column":47}},"22":{"start":{"line":87,"column":13},"end":{"line":87,"column":47}},"23":{"start":{"line":88,"column":4},"end":{"line":89,"column":61}},"24":{"start":{"line":89,"column":6},"end":{"line":89,"column":61}},"25":{"start":{"line":90,"column":4},"end":{"line":90,"column":14}},"26":{"start":{"line":93,"column":21},"end":{"line":152,"column":3}},"27":{"start":{"line":94,"column":28},"end":{"line":94,"column":30}},"28":{"start":{"line":95,"column":21},"end":{"line":95,"column":26}},"29":{"start":{"line":98,"column":4},"end":{"line":101,"column":5}},"30":{"start":{"line":99,"column":6},"end":{"line":99,"column":49}},"31":{"start":{"line":100,"column":6},"end":{"line":100,"column":24}},"32":{"start":{"line":104,"column":4},"end":{"line":107,"column":5}},"33":{"start":{"line":105,"column":6},"end":{"line":105,"column":55}},"34":{"start":{"line":106,"column":6},"end":{"line":106,"column":24}},"35":{"start":{"line":110,"column":4},"end":{"line":118,"column":5}},"36":{"start":{"line":111,"column":30},"end":{"line":111,"column":64}},"37":{"start":{"line":112,"column":6},"end":{"line":115,"column":7}},"38":{"start":{"line":113,"column":8},"end":{"line":113,"column":34}},"39":{"start":{"line":114,"column":8},"end":{"line":114,"column":15}},"40":{"start":{"line":116,"column":6},"end":{"line":116,"column":45}},"41":{"start":{"line":117,"column":6},"end":{"line":117,"column":24}},"42":{"start":{"line":120,"column":4},"end":{"line":126,"column":5}},"43":{"start":{"line":122,"column":6},"end":{"line":125,"column":7}},"44":{"start":{"line":123,"column":8},"end":{"line":123,"column":45}},"45":{"start":{"line":124,"column":8},"end":{"line":124,"column":15}},"46":{"start":{"line":128,"column":4},"end":{"line":131,"column":5}},"47":{"start":{"line":129,"column":6},"end":{"line":129,"column":16}},"48":{"start":{"line":130,"column":6},"end":{"line":130,"column":13}},"49":{"start":{"line":133,"column":4},"end":{"line":133,"column":21}},"50":{"start":{"line":134,"column":4},"end":{"line":134,"column":17}},"51":{"start":{"line":136,"column":4},"end":{"line":151,"column":5}},"52":{"start":{"line":137,"column":26},"end":{"line":140,"column":8}},"53":{"start":{"line":142,"column":6},"end":{"line":144,"column":7}},"54":{"start":{"line":143,"column":8},"end":{"line":143,"column":35}},"55":{"start":{"line":145,"column":6},"end":{"line":145,"column":16}},"56":{"start":{"line":147,"column":6},"end":{"line":147,"column":25}},"57":{"start":{"line":148,"column":6},"end":{"line":148,"column":60}},"58":{"start":{"line":150,"column":6},"end":{"line":150,"column":24}},"59":{"start":{"line":154,"column":2},"end":{"line":259,"column":4}},"60":{"start":{"line":160,"column":8},"end":{"line":160,"column":36}},"61":{"start":{"line":160,"column":26},"end":{"line":160,"column":36}},"62":{"start":{"line":232,"column":34},"end":{"line":232,"column":61}},"63":{"start":{"line":233,"column":18},"end":{"line":233,"column":43}},"64":{"start":{"line":234,"column":18},"end":{"line":234,"column":42}},"65":{"start":{"line":234,"column":29},"end":{"line":234,"column":42}},"66":{"start":{"line":262,"column":15},"end":{"line":369,"column":2}}},"fnMap":{"0":{"name":"(anonymous_0)","decl":{"start":{"line":45,"column":28},"end":{"line":45,"column":29}},"loc":{"start":{"line":51,"column":25},"end":{"line":260,"column":1}},"line":51},"1":{"name":"(anonymous_1)","decl":{"start":{"line":59,"column":12},"end":{"line":59,"column":13}},"loc":{"start":{"line":59,"column":18},"end":{"line":66,"column":3}},"line":59},"2":{"name":"(anonymous_2)","decl":{"start":{"line":68,"column":26},"end":{"line":68,"column":27}},"loc":{"start":{"line":68,"column":38},"end":{"line":84,"column":3}},"line":68},"3":{"name":"(anonymous_3)","decl":{"start":{"line":86,"column":31},"end":{"line":86,"column":32}},"loc":{"start":{"line":86,"column":47},"end":{"line":91,"column":3}},"line":86},"4":{"name":"(anonymous_4)","decl":{"start":{"line":93,"column":21},"end":{"line":93,"column":22}},"loc":{"start":{"line":93,"column":33},"end":{"line":152,"column":3}},"line":93},"5":{"name":"(anonymous_5)","decl":{"start":{"line":159,"column":22},"end":{"line":159,"column":23}},"loc":{"start":{"line":159,"column":28},"end":{"line":161,"column":7}},"line":159},"6":{"name":"(anonymous_6)","decl":{"start":{"line":230,"column":30},"end":{"line":230,"column":31}},"loc":{"start":{"line":230,"column":38},"end":{"line":235,"column":17}},"line":230}},"branchMap":{"0":{"loc":{"start":{"line":49,"column":2},"end":{"line":49,"column":21}},"type":"default-arg","locations":[{"start":{"line":49,"column":16},"end":{"line":49,"column":21}}],"line":49},"1":{"loc":{"start":{"line":60,"column":4},"end":{"line":65,"column":5}},"type":"if","locations":[{"start":{"line":60,"column":4},"end":{"line":65,"column":5}},{"start":{},"end":{}}],"line":60},"2":{"loc":{"start":{"line":60,"column":8},"end":{"line":60,"column":23}},"type":"binary-expr","locations":[{"start":{"line":60,"column":8},"end":{"line":60,"column":15}},{"start":{"line":60,"column":19},"end":{"line":60,"column":23}}],"line":60},"3":{"loc":{"start":{"line":61,"column":22},"end":{"line":61,"column":45}},"type":"binary-expr","locations":[{"start":{"line":61,"column":22},"end":{"line":61,"column":39}},{"start":{"line":61,"column":43},"end":{"line":61,"column":45}}],"line":61},"4":{"loc":{"start":{"line":62,"column":21},"end":{"line":62,"column":43}},"type":"binary-expr","locations":[{"start":{"line":62,"column":21},"end":{"line":62,"column":37}},{"start":{"line":62,"column":41},"end":{"line":62,"column":43}}],"line":62},"5":{"loc":{"start":{"line":63,"column":24},"end":{"line":63,"column":56}},"type":"binary-expr","locations":[{"start":{"line":63,"column":24},"end":{"line":63,"column":43}},{"start":{"line":63,"column":47},"end":{"line":63,"column":56}}],"line":63},"6":{"loc":{"start":{"line":77,"column":6},"end":{"line":80,"column":7}},"type":"if","locations":[{"start":{"line":77,"column":6},"end":{"line":80,"column":7}},{"start":{},"end":{}}],"line":77},"7":{"loc":{"start":{"line":77,"column":10},"end":{"line":77,"column":51}},"type":"binary-expr","locations":[{"start":{"line":77,"column":10},"end":{"line":77,"column":23}},{"start":{"line":77,"column":27},"end":{"line":77,"column":51}}],"line":77},"8":{"loc":{"start":{"line":78,"column":34},"end":{"line":78,"column":71}},"type":"binary-expr","locations":[{"start":{"line":78,"column":34},"end":{"line":78,"column":55}},{"start":{"line":78,"column":59},"end":{"line":78,"column":71}}],"line":78},"9":{"loc":{"start":{"line":87,"column":4},"end":{"line":87,"column":47}},"type":"if","locations":[{"start":{"line":87,"column":4},"end":{"line":87,"column":47}},{"start":{},"end":{}}],"line":87},"10":{"loc":{"start":{"line":88,"column":4},"end":{"line":89,"column":61}},"type":"if","locations":[{"start":{"line":88,"column":4},"end":{"line":89,"column":61}},{"start":{},"end":{}}],"line":88},"11":{"loc":{"start":{"line":98,"column":4},"end":{"line":101,"column":5}},"type":"if","locations":[{"start":{"line":98,"column":4},"end":{"line":101,"column":5}},{"start":{},"end":{}}],"line":98},"12":{"loc":{"start":{"line":98,"column":25},"end":{"line":98,"column":48}},"type":"binary-expr","locations":[{"start":{"line":98,"column":25},"end":{"line":98,"column":42}},{"start":{"line":98,"column":46},"end":{"line":98,"column":48}}],"line":98},"13":{"loc":{"start":{"line":99,"column":31},"end":{"line":99,"column":48}},"type":"binary-expr","locations":[{"start":{"line":99,"column":31},"end":{"line":99,"column":42}},{"start":{"line":99,"column":46},"end":{"line":99,"column":48}}],"line":99},"14":{"loc":{"start":{"line":104,"column":4},"end":{"line":107,"column":5}},"type":"if","locations":[{"start":{"line":104,"column":4},"end":{"line":107,"column":5}},{"start":{},"end":{}}],"line":104},"15":{"loc":{"start":{"line":104,"column":28},"end":{"line":104,"column":61}},"type":"binary-expr","locations":[{"start":{"line":104,"column":28},"end":{"line":104,"column":48}},{"start":{"line":104,"column":52},"end":{"line":104,"column":61}}],"line":104},"16":{"loc":{"start":{"line":105,"column":34},"end":{"line":105,"column":54}},"type":"binary-expr","locations":[{"start":{"line":105,"column":34},"end":{"line":105,"column":48}},{"start":{"line":105,"column":52},"end":{"line":105,"column":54}}],"line":105},"17":{"loc":{"start":{"line":110,"column":4},"end":{"line":118,"column":5}},"type":"if","locations":[{"start":{"line":110,"column":4},"end":{"line":118,"column":5}},{"start":{},"end":{}}],"line":110},"18":{"loc":{"start":{"line":110,"column":8},"end":{"line":110,"column":79}},"type":"binary-expr","locations":[{"start":{"line":110,"column":8},"end":{"line":110,"column":32}},{"start":{"line":110,"column":36},"end":{"line":110,"column":79}}],"line":110},"19":{"loc":{"start":{"line":110,"column":54},"end":{"line":110,"column":78}},"type":"binary-expr","locations":[{"start":{"line":110,"column":54},"end":{"line":110,"column":72}},{"start":{"line":110,"column":76},"end":{"line":110,"column":78}}],"line":110},"20":{"loc":{"start":{"line":112,"column":6},"end":{"line":115,"column":7}},"type":"if","locations":[{"start":{"line":112,"column":6},"end":{"line":115,"column":7}},{"start":{},"end":{}}],"line":112},"21":{"loc":{"start":{"line":120,"column":4},"end":{"line":126,"column":5}},"type":"if","locations":[{"start":{"line":120,"column":4},"end":{"line":126,"column":5}},{"start":{},"end":{}}],"line":120},"22":{"loc":{"start":{"line":120,"column":8},"end":{"line":120,"column":57}},"type":"binary-expr","locations":[{"start":{"line":120,"column":8},"end":{"line":120,"column":19}},{"start":{"line":120,"column":23},"end":{"line":120,"column":34}},{"start":{"line":120,"column":38},"end":{"line":120,"column":57}}],"line":120},"23":{"loc":{"start":{"line":122,"column":6},"end":{"line":125,"column":7}},"type":"if","locations":[{"start":{"line":122,"column":6},"end":{"line":125,"column":7}},{"start":{},"end":{}}],"line":122},"24":{"loc":{"start":{"line":128,"column":4},"end":{"line":131,"column":5}},"type":"if","locations":[{"start":{"line":128,"column":4},"end":{"line":131,"column":5}},{"start":{},"end":{}}],"line":128},"25":{"loc":{"start":{"line":142,"column":6},"end":{"line":144,"column":7}},"type":"if","locations":[{"start":{"line":142,"column":6},"end":{"line":144,"column":7}},{"start":{},"end":{}}],"line":142},"26":{"loc":{"start":{"line":160,"column":8},"end":{"line":160,"column":36}},"type":"if","locations":[{"start":{"line":160,"column":8},"end":{"line":160,"column":36}},{"start":{},"end":{}}],"line":160},"27":{"loc":{"start":{"line":167,"column":15},"end":{"line":167,"column":70}},"type":"cond-expr","locations":[{"start":{"line":167,"column":29},"end":{"line":167,"column":52}},{"start":{"line":167,"column":55},"end":{"line":167,"column":70}}],"line":167},"28":{"loc":{"start":{"line":169,"column":13},"end":{"line":173,"column":13}},"type":"binary-expr","locations":[{"start":{"line":169,"column":13},"end":{"line":169,"column":25}},{"start":{"line":170,"column":14},"end":{"line":172,"column":33}}],"line":169},"29":{"loc":{"start":{"line":176,"column":11},"end":{"line":180,"column":11}},"type":"binary-expr","locations":[{"start":{"line":176,"column":11},"end":{"line":176,"column":22}},{"start":{"line":177,"column":12},"end":{"line":179,"column":19}}],"line":176},"30":{"loc":{"start":{"line":184,"column":13},"end":{"line":190,"column":13}},"type":"cond-expr","locations":[{"start":{"line":185,"column":14},"end":{"line":185,"column":85}},{"start":{"line":187,"column":14},"end":{"line":189,"column":21}}],"line":184},"31":{"loc":{"start":{"line":209,"column":27},"end":{"line":209,"column":69}},"type":"binary-expr","locations":[{"start":{"line":209,"column":27},"end":{"line":209,"column":52}},{"start":{"line":209,"column":56},"end":{"line":209,"column":69}}],"line":209},"32":{"loc":{"start":{"line":224,"column":11},"end":{"line":243,"column":11}},"type":"binary-expr","locations":[{"start":{"line":224,"column":11},"end":{"line":224,"column":35}},{"start":{"line":225,"column":12},"end":{"line":242,"column":19}}],"line":224},"33":{"loc":{"start":{"line":228,"column":38},"end":{"line":228,"column":70}},"type":"cond-expr","locations":[{"start":{"line":228,"column":46},"end":{"line":228,"column":63}},{"start":{"line":228,"column":66},"end":{"line":228,"column":70}}],"line":228},"34":{"loc":{"start":{"line":234,"column":18},"end":{"line":234,"column":42}},"type":"if","locations":[{"start":{"line":234,"column":18},"end":{"line":234,"column":42}},{"start":{},"end":{}}],"line":234},"35":{"loc":{"start":{"line":241,"column":15},"end":{"line":241,"column":75}},"type":"cond-expr","locations":[{"start":{"line":241,"column":23},"end":{"line":241,"column":68}},{"start":{"line":241,"column":71},"end":{"line":241,"column":75}}],"line":241},"36":{"loc":{"start":{"line":246,"column":39},"end":{"line":246,"column":71}},"type":"binary-expr","locations":[{"start":{"line":246,"column":39},"end":{"line":246,"column":46}},{"start":{"line":246,"column":50},"end":{"line":246,"column":71}}],"line":246},"37":{"loc":{"start":{"line":250,"column":13},"end":{"line":254,"column":13}},"type":"cond-expr","locations":[{"start":{"line":251,"column":14},"end":{"line":251,"column":56}},{"start":{"line":253,"column":14},"end":{"line":253,"column":63}}],"line":250}},"s":{"0":2,"1":2,"2":7,"3":7,"4":7,"5":7,"6":7,"7":7,"8":5,"9":2,"10":2,"11":2,"12":2,"13":7,"14":0,"15":0,"16":0,"17":0,"18":0,"19":0,"20":7,"21":0,"22":0,"23":0,"24":0,"25":0,"26":7,"27":0,"28":0,"29":0,"30":0,"31":0,"32":0,"33":0,"34":0,"35":0,"36":0,"37":0,"38":0,"39":0,"40":0,"41":0,"42":0,"43":0,"44":0,"45":0,"46":0,"47":0,"48":0,"49":0,"50":0,"51":0,"52":0,"53":0,"54":0,"55":0,"56":0,"57":0,"58":0,"59":7,"60":0,"61":0,"62":0,"63":0,"64":0,"65":0,"66":2},"f":{"0":7,"1":5,"2":0,"3":0,"4":0,"5":0,"6":0},"b":{"0":[5],"1":[2,3],"2":[5,4],"3":[2,0],"4":[2,2],"5":[2,2],"6":[0,0],"7":[0,0],"8":[0,0],"9":[0,0],"10":[0,0],"11":[0,0],"12":[0,0],"13":[0,0],"14":[0,0],"15":[0,0],"16":[0,0],"17":[0,0],"18":[0,0],"19":[0,0],"20":[0,0],"21":[0,0],"22":[0,0,0],"23":[0,0],"24":[0,0],"25":[0,0],"26":[0,0],"27":[2,5],"28":[7,5],"29":[7,2],"30":[0,7],"31":[7,3],"32":[7,7],"33":[0,7],"34":[0,0],"35":[0,7],"36":[7,0],"37":[0,7]},"_coverageSchema":"1a1c01bbd47fc00a2c39e90264f33305004495a9","hash":"5cb041c8ceb526904b7f6bb541a4f76872239bb3"}
,"C:\\Users\\Ana\\projects\\kdvc\\mobile\\src\\components\\StartClassModal.tsx": {"path":"C:\\Users\\Ana\\projects\\kdvc\\mobile\\src\\components\\StartClassModal.tsx","statementMap":{"0":{"start":{"line":21,"column":15},"end":{"line":27,"column":1}},"1":{"start":{"line":29,"column":63},"end":{"line":101,"column":1}},"2":{"start":{"line":37,"column":30},"end":{"line":37,"column":42}},"3":{"start":{"line":39,"column":27},"end":{"line":46,"column":5}},"4":{"start":{"line":40,"column":8},"end":{"line":43,"column":9}},"5":{"start":{"line":41,"column":12},"end":{"line":41,"column":83}},"6":{"start":{"line":42,"column":12},"end":{"line":42,"column":19}},"7":{"start":{"line":44,"column":8},"end":{"line":44,"column":33}},"8":{"start":{"line":45,"column":8},"end":{"line":45,"column":21}},"9":{"start":{"line":48,"column":24},"end":{"line":51,"column":5}},"10":{"start":{"line":49,"column":8},"end":{"line":49,"column":21}},"11":{"start":{"line":50,"column":8},"end":{"line":50,"column":18}},"12":{"start":{"line":53,"column":4},"end":{"line":100,"column":6}},"13":{"start":{"line":81,"column":43},"end":{"line":81,"column":60}},"14":{"start":{"line":103,"column":15},"end":{"line":184,"column":2}}},"fnMap":{"0":{"name":"(anonymous_0)","decl":{"start":{"line":29,"column":63},"end":{"line":29,"column":64}},"loc":{"start":{"line":36,"column":6},"end":{"line":101,"column":1}},"line":36},"1":{"name":"(anonymous_1)","decl":{"start":{"line":39,"column":27},"end":{"line":39,"column":28}},"loc":{"start":{"line":39,"column":33},"end":{"line":46,"column":5}},"line":39},"2":{"name":"(anonymous_2)","decl":{"start":{"line":48,"column":24},"end":{"line":48,"column":25}},"loc":{"start":{"line":48,"column":30},"end":{"line":51,"column":5}},"line":48},"3":{"name":"(anonymous_3)","decl":{"start":{"line":81,"column":37},"end":{"line":81,"column":38}},"loc":{"start":{"line":81,"column":43},"end":{"line":81,"column":60}},"line":81}},"branchMap":{"0":{"loc":{"start":{"line":40,"column":8},"end":{"line":43,"column":9}},"type":"if","locations":[{"start":{"line":40,"column":8},"end":{"line":43,"column":9}},{"start":{},"end":{}}],"line":40},"1":{"loc":{"start":{"line":64,"column":25},"end":{"line":64,"column":81}},"type":"cond-expr","locations":[{"start":{"line":64,"column":42},"end":{"line":64,"column":61}},{"start":{"line":64,"column":64},"end":{"line":64,"column":81}}],"line":64},"2":{"loc":{"start":{"line":85,"column":25},"end":{"line":91,"column":25}},"type":"binary-expr","locations":[{"start":{"line":85,"column":25},"end":{"line":85,"column":36}},{"start":{"line":86,"column":28},"end":{"line":90,"column":47}}],"line":85}},"s":{"0":2,"1":2,"2":6,"3":6,"4":0,"5":0,"6":0,"7":0,"8":0,"9":6,"10":0,"11":0,"12":6,"13":0,"14":2},"f":{"0":6,"1":0,"2":0,"3":0},"b":{"0":[0,0],"1":[1,5],"2":[6,1]},"_coverageSchema":"1a1c01bbd47fc00a2c39e90264f33305004495a9","hash":"3e0769e96d17b65a29eb519bbb42b25925f035e0"}
,"C:\\Users\\Ana\\projects\\kdvc\\mobile\\src\\components\\StudentHomeHeader.tsx": {"path":"C:\\Users\\Ana\\projects\\kdvc\\mobile\\src\\components\\StudentHomeHeader.tsx","statementMap":{"0":{"start":{"line":9,"column":15},"end":{"line":13,"column":1}},"1":{"start":{"line":22,"column":21},"end":{"line":22,"column":41}},"2":{"start":{"line":24,"column":2},"end":{"line":63,"column":4}},"3":{"start":{"line":31,"column":12},"end":{"line":37,"column":13}},"4":{"start":{"line":32,"column":14},"end":{"line":32,"column":43}},"5":{"start":{"line":33,"column":14},"end":{"line":33,"column":56}},"6":{"start":{"line":34,"column":14},"end":{"line":34,"column":34}},"7":{"start":{"line":36,"column":14},"end":{"line":36,"column":31}},"8":{"start":{"line":38,"column":12},"end":{"line":38,"column":40}},"9":{"start":{"line":66,"column":15},"end":{"line":110,"column":2}}},"fnMap":{"0":{"name":"Header","decl":{"start":{"line":21,"column":24},"end":{"line":21,"column":30}},"loc":{"start":{"line":21,"column":84},"end":{"line":64,"column":1}},"line":21},"1":{"name":"(anonymous_1)","decl":{"start":{"line":30,"column":19},"end":{"line":30,"column":20}},"loc":{"start":{"line":30,"column":31},"end":{"line":39,"column":11}},"line":30}},"branchMap":{"0":{"loc":{"start":{"line":46,"column":46},"end":{"line":46,"column":84}},"type":"binary-expr","locations":[{"start":{"line":46,"column":46},"end":{"line":46,"column":69}},{"start":{"line":46,"column":73},"end":{"line":46,"column":84}}],"line":46},"1":{"loc":{"start":{"line":55,"column":11},"end":{"line":59,"column":11}},"type":"cond-expr","locations":[{"start":{"line":56,"column":12},"end":{"line":56,"column":76}},{"start":{"line":58,"column":12},"end":{"line":58,"column":76}}],"line":55}},"s":{"0":2,"1":7,"2":7,"3":0,"4":0,"5":0,"6":0,"7":0,"8":0,"9":2},"f":{"0":7,"1":0},"b":{"0":[7,6],"1":[1,6]},"_coverageSchema":"1a1c01bbd47fc00a2c39e90264f33305004495a9","hash":"ae59e851fb769ac7a125a82518732f50920aea4a"}
,"C:\\Users\\Ana\\projects\\kdvc\\mobile\\src\\context\\StudentAttendanceContext.tsx": {"path":"C:\\Users\\Ana\\projects\\kdvc\\mobile\\src\\context\\StudentAttendanceContext.tsx","statementMap":{"0":{"start":{"line":15,"column":26},"end":{"line":15,"column":91}},"1":{"start":{"line":17,"column":82},"end":{"line":159,"column":1}},"2":{"start":{"line":18,"column":48},"end":{"line":18,"column":107}},"3":{"start":{"line":19,"column":46},"end":{"line":19,"column":78}},"4":{"start":{"line":21,"column":24},"end":{"line":21,"column":40}},"5":{"start":{"line":22,"column":24},"end":{"line":22,"column":58}},"6":{"start":{"line":23,"column":25},"end":{"line":23,"column":102}},"7":{"start":{"line":24,"column":25},"end":{"line":24,"column":59}},"8":{"start":{"line":26,"column":30},"end":{"line":118,"column":17}},"9":{"start":{"line":27,"column":8},"end":{"line":117,"column":9}},"10":{"start":{"line":32,"column":12},"end":{"line":116,"column":13}},"11":{"start":{"line":33,"column":32},"end":{"line":33,"column":95}},"12":{"start":{"line":35,"column":28},"end":{"line":35,"column":38}},"13":{"start":{"line":36,"column":40},"end":{"line":36,"column":69}},"14":{"start":{"line":37,"column":16},"end":{"line":39,"column":17}},"15":{"start":{"line":38,"column":20},"end":{"line":38,"column":27}},"16":{"start":{"line":40,"column":16},"end":{"line":42,"column":17}},"17":{"start":{"line":41,"column":20},"end":{"line":41,"column":57}},"18":{"start":{"line":44,"column":16},"end":{"line":44,"column":58}},"19":{"start":{"line":46,"column":16},"end":{"line":113,"column":17}},"20":{"start":{"line":47,"column":33},"end":{"line":47,"column":62}},"21":{"start":{"line":48,"column":20},"end":{"line":54,"column":23}},"22":{"start":{"line":49,"column":24},"end":{"line":49,"column":77}},"23":{"start":{"line":49,"column":65},"end":{"line":49,"column":77}},"24":{"start":{"line":50,"column":24},"end":{"line":53,"column":26}},"25":{"start":{"line":56,"column":20},"end":{"line":112,"column":96}},"26":{"start":{"line":58,"column":28},"end":{"line":110,"column":29}},"27":{"start":{"line":59,"column":49},"end":{"line":59,"column":86}},"28":{"start":{"line":61,"column":50},"end":{"line":61,"column":95}},"29":{"start":{"line":64,"column":32},"end":{"line":73,"column":33}},"30":{"start":{"line":65,"column":55},"end":{"line":65,"column":111}},"31":{"start":{"line":66,"column":36},"end":{"line":70,"column":37}},"32":{"start":{"line":68,"column":40},"end":{"line":68,"column":91}},"33":{"start":{"line":69,"column":40},"end":{"line":69,"column":47}},"34":{"start":{"line":72,"column":36},"end":{"line":72,"column":107}},"35":{"start":{"line":75,"column":32},"end":{"line":75,"column":134}},"36":{"start":{"line":76,"column":32},"end":{"line":93,"column":35}},"37":{"start":{"line":77,"column":53},"end":{"line":77,"column":80}},"38":{"start":{"line":78,"column":36},"end":{"line":78,"column":78}},"39":{"start":{"line":78,"column":66},"end":{"line":78,"column":78}},"40":{"start":{"line":80,"column":36},"end":{"line":87,"column":37}},"41":{"start":{"line":81,"column":40},"end":{"line":86,"column":43}},"42":{"start":{"line":82,"column":44},"end":{"line":82,"column":100}},"43":{"start":{"line":82,"column":85},"end":{"line":82,"column":100}},"44":{"start":{"line":83,"column":57},"end":{"line":83,"column":73}},"45":{"start":{"line":84,"column":44},"end":{"line":84,"column":79}},"46":{"start":{"line":85,"column":44},"end":{"line":85,"column":56}},"47":{"start":{"line":89,"column":36},"end":{"line":92,"column":38}},"48":{"start":{"line":95,"column":45},"end":{"line":95,"column":67}},"49":{"start":{"line":96,"column":47},"end":{"line":96,"column":55}},"50":{"start":{"line":97,"column":32},"end":{"line":109,"column":33}},"51":{"start":{"line":98,"column":62},"end":{"line":100,"column":37}},"52":{"start":{"line":99,"column":52},"end":{"line":99,"column":74}},"53":{"start":{"line":101,"column":36},"end":{"line":108,"column":37}},"54":{"start":{"line":102,"column":40},"end":{"line":107,"column":43}},"55":{"start":{"line":103,"column":44},"end":{"line":103,"column":93}},"56":{"start":{"line":103,"column":81},"end":{"line":103,"column":93}},"57":{"start":{"line":104,"column":57},"end":{"line":104,"column":70}},"58":{"start":{"line":105,"column":44},"end":{"line":105,"column":76}},"59":{"start":{"line":106,"column":44},"end":{"line":106,"column":56}},"60":{"start":{"line":112,"column":38},"end":{"line":112,"column":94}},"61":{"start":{"line":115,"column":16},"end":{"line":115,"column":70}},"62":{"start":{"line":120,"column":26},"end":{"line":120,"column":83}},"63":{"start":{"line":122,"column":4},"end":{"line":124,"column":20}},"64":{"start":{"line":123,"column":8},"end":{"line":123,"column":20}},"65":{"start":{"line":126,"column":4},"end":{"line":152,"column":11}},"66":{"start":{"line":127,"column":25},"end":{"line":149,"column":16}},"67":{"start":{"line":128,"column":24},"end":{"line":128,"column":34}},"68":{"start":{"line":129,"column":24},"end":{"line":129,"column":28}},"69":{"start":{"line":131,"column":12},"end":{"line":148,"column":15}},"70":{"start":{"line":132,"column":30},"end":{"line":132,"column":35}},"71":{"start":{"line":133,"column":31},"end":{"line":133,"column":45}},"72":{"start":{"line":134,"column":16},"end":{"line":146,"column":17}},"73":{"start":{"line":135,"column":36},"end":{"line":135,"column":48}},"74":{"start":{"line":136,"column":37},"end":{"line":136,"column":70}},"75":{"start":{"line":138,"column":20},"end":{"line":145,"column":21}},"76":{"start":{"line":139,"column":24},"end":{"line":139,"column":48}},"77":{"start":{"line":140,"column":24},"end":{"line":140,"column":61}},"78":{"start":{"line":141,"column":24},"end":{"line":141,"column":60}},"79":{"start":{"line":143,"column":24},"end":{"line":143,"column":68}},"80":{"start":{"line":144,"column":24},"end":{"line":144,"column":39}},"81":{"start":{"line":147,"column":16},"end":{"line":147,"column":50}},"82":{"start":{"line":151,"column":8},"end":{"line":151,"column":45}},"83":{"start":{"line":151,"column":21},"end":{"line":151,"column":44}},"84":{"start":{"line":154,"column":4},"end":{"line":158,"column":6}},"85":{"start":{"line":162,"column":4},"end":{"line":162,"column":41}}},"fnMap":{"0":{"name":"(anonymous_0)","decl":{"start":{"line":17,"column":82},"end":{"line":17,"column":83}},"loc":{"start":{"line":17,"column":100},"end":{"line":159,"column":1}},"line":17},"1":{"name":"(anonymous_1)","decl":{"start":{"line":26,"column":42},"end":{"line":26,"column":43}},"loc":{"start":{"line":26,"column":59},"end":{"line":118,"column":5}},"line":26},"2":{"name":"(anonymous_2)","decl":{"start":{"line":48,"column":38},"end":{"line":48,"column":39}},"loc":{"start":{"line":48,"column":46},"end":{"line":54,"column":21}},"line":48},"3":{"name":"(an
[...]
e":16,"column":28}}],"line":16},"1":{"loc":{"start":{"line":23,"column":6},"end":{"line":23,"column":26}},"type":"if","locations":[{"start":{"line":23,"column":6},"end":{"line":23,"column":26}},{"start":{},"end":{}}],"line":23},"2":{"loc":{"start":{"line":27,"column":6},"end":{"line":27,"column":39}},"type":"if","locations":[{"start":{"line":27,"column":6},"end":{"line":27,"column":39}},{"start":{},"end":{}}],"line":27},"3":{"loc":{"start":{"line":33,"column":10},"end":{"line":40,"column":11}},"type":"if","locations":[{"start":{"line":33,"column":10},"end":{"line":40,"column":11}},{"start":{},"end":{}}],"line":33},"4":{"loc":{"start":{"line":37,"column":12},"end":{"line":39,"column":13}},"type":"if","locations":[{"start":{"line":37,"column":12},"end":{"line":39,"column":13}},{"start":{},"end":{}}],"line":37},"5":{"loc":{"start":{"line":62,"column":6},"end":{"line":85,"column":7}},"type":"if","locations":[{"start":{"line":62,"column":6},"end":{"line":85,"column":7}},{"start":{},"end":{}}],"line":62},"6":{"loc":{"start":{"line":75,"column":8},"end":{"line":84,"column":9}},"type":"if","locations":[{"start":{"line":75,"column":8},"end":{"line":84,"column":9}},{"start":{"line":78,"column":15},"end":{"line":84,"column":9}}],"line":75},"7":{"loc":{"start":{"line":81,"column":10},"end":{"line":83,"column":11}},"type":"if","locations":[{"start":{"line":81,"column":10},"end":{"line":83,"column":11}},{"start":{},"end":{}}],"line":81},"8":{"loc":{"start":{"line":81,"column":14},"end":{"line":81,"column":61}},"type":"binary-expr","locations":[{"start":{"line":81,"column":14},"end":{"line":81,"column":33}},{"start":{"line":81,"column":37},"end":{"line":81,"column":61}}],"line":81},"9":{"loc":{"start":{"line":100,"column":4},"end":{"line":102,"column":5}},"type":"if","locations":[{"start":{"line":100,"column":4},"end":{"line":102,"column":5}},{"start":{},"end":{}}],"line":100},"10":{"loc":{"start":{"line":107,"column":75},"end":{"line":107,"column":106}},"type":"binary-expr","locations":[{"start":{"line":107,"column":75},"end":{"line":107,"column":92}},{"start":{"line":107,"column":96},"end":{"line":107,"column":106}}],"line":107},"11":{"loc":{"start":{"line":131,"column":16},"end":{"line":131,"column":41}},"type":"if","locations":[{"start":{"line":131,"column":16},"end":{"line":131,"column":41}},{"start":{},"end":{}}],"line":131}},"s":{"0":0,"1":0,"2":0,"3":0,"4":0,"5":0,"6":0,"7":0,"8":0,"9":0,"10":0,"11":0,"12":0,"13":0,"14":0,"15":0,"16":0,"17":0,"18":0,"19":0,"20":0,"21":0,"22":0,"23":0,"24":0,"25":0,"26":0,"27":0,"28":0,"29":0,"30":0,"31":0,"32":0,"33":0,"34":0,"35":0,"36":0,"37":0,"38":0,"39":0,"40":0,"41":0,"42":0,"43":0,"44":0,"45":0,"46":0,"47":0,"48":0,"49":0,"50":0,"51":0,"52":0,"53":0,"54":0,"55":0,"56":0,"57":0,"58":0,"59":0,"60":0,"61":0,"62":0,"63":0,"64":0,"65":0,"66":0,"67":0,"68":1},"f":{"0":0,"1":0,"2":0,"3":0,"4":0,"5":0,"6":0,"7":0,"8":0,"9":0,"10":0,"11":0,"12":0,"13":0,"14":0},"b":{"0":[0],"1":[0,0],"2":[0,0],"3":[0,0],"4":[0,0],"5":[0,0],"6":[0,0],"7":[0,0],"8":[0,0],"9":[0,0],"10":[0,0],"11":[0,0]},"_coverageSchema":"1a1c01bbd47fc00a2c39e90264f33305004495a9","hash":"47af8fc7e4694e36d616f3f243072598e96c4834"}
,"C:\\Users\\Ana\\projects\\kdvc\\mobile\\src\\services\\api.ts": {"path":"C:\\Users\\Ana\\projects\\kdvc\\mobile\\src\\services\\api.ts","statementMap":{"0":{"start":{"line":3,"column":17},"end":{"line":3,"column":44}},"1":{"start":{"line":18,"column":54},"end":{"line":18,"column":61}},"2":{"start":{"line":20,"column":2},"end":{"line":25,"column":3}},"3":{"start":{"line":21,"column":18},"end":{"line":21,"column":34}},"4":{"start":{"line":22,"column":4},"end":{"line":24,"column":5}},"5":{"start":{"line":23,"column":6},"end":{"line":23,"column":48}},"6":{"start":{"line":27,"column":2},"end":{"line":32,"column":4}},"7":{"start":{"line":34,"column":14},"end":{"line":40,"column":4}},"8":{"start":{"line":42,"column":2},"end":{"line":45,"column":3}},"9":{"start":{"line":43,"column":17},"end":{"line":43,"column":33}},"10":{"start":{"line":44,"column":4},"end":{"line":44,"column":50}},"11":{"start":{"line":47,"column":2},"end":{"line":47,"column":34}}},"fnMap":{"0":{"name":"apiFetch","decl":{"start":{"line":14,"column":22},"end":{"line":14,"column":30}},"loc":{"start":{"line":17,"column":14},"end":{"line":48,"column":1}},"line":17}},"branchMap":{"0":{"loc":{"start":{"line":16,"column":2},"end":{"line":16,"column":30}},"type":"default-arg","locations":[{"start":{"line":16,"column":28},"end":{"line":16,"column":30}}],"line":16},"1":{"loc":{"start":{"line":18,"column":10},"end":{"line":18,"column":26}},"type":"default-arg","locations":[{"start":{"line":18,"column":21},"end":{"line":18,"column":26}}],"line":18},"2":{"loc":{"start":{"line":18,"column":28},"end":{"line":18,"column":40}},"type":"default-arg","locations":[{"start":{"line":18,"column":38},"end":{"line":18,"column":40}}],"line":18},"3":{"loc":{"start":{"line":20,"column":2},"end":{"line":25,"column":3}},"type":"if","locations":[{"start":{"line":20,"column":2},"end":{"line":25,"column":3}},{"start":{},"end":{}}],"line":20},"4":{"loc":{"start":{"line":22,"column":4},"end":{"line":24,"column":5}},"type":"if","locations":[{"start":{"line":22,"column":4},"end":{"line":24,"column":5}},{"start":{},"end":{}}],"line":22},"5":{"loc":{"start":{"line":29,"column":5},"end":{"line":29,"column":28}},"type":"binary-expr","locations":[{"start":{"line":29,"column":5},"end":{"line":29,"column":19}},{"start":{"line":29,"column":23},"end":{"line":29,"column":28}}],"line":29},"6":{"loc":{"start":{"line":42,"column":2},"end":{"line":45,"column":3}},"type":"if","locations":[{"start":{"line":42,"column":2},"end":{"line":45,"column":3}},{"start":{},"end":{}}],"line":42}},"s":{"0":1,"1":0,"2":0,"3":0,"4":0,"5":0,"6":0,"7":0,"8":0,"9":0,"10":0,"11":0},"f":{"0":0},"b":{"0":[0],"1":[0],"2":[0],"3":[0,0],"4":[0,0],"5":[0,0],"6":[0,0]},"_coverageSchema":"1a1c01bbd47fc00a2c39e90264f33305004495a9","hash":"81d650f1e53cc82adb1620bcc4f14f951cff8f53"}
,"C:\\Users\\Ana\\projects\\kdvc\\mobile\\src\\services\\authStore.ts": {"path":"C:\\Users\\Ana\\projects\\kdvc\\mobile\\src\\services\\authStore.ts","statementMap":{"0":{"start":{"line":4,"column":28},"end":{"line":10,"column":1}},"1":{"start":{"line":12,"column":33},"end":{"line":12,"column":37}},"2":{"start":{"line":13,"column":34},"end":{"line":13,"column":38}},"3":{"start":{"line":17,"column":2},"end":{"line":17,"column":70}},"4":{"start":{"line":18,"column":2},"end":{"line":18,"column":72}},"5":{"start":{"line":22,"column":2},"end":{"line":22,"column":21}},"6":{"start":{"line":26,"column":2},"end":{"line":26,"column":22}},"7":{"start":{"line":30,"column":15},"end":{"line":30,"column":68}},"8":{"start":{"line":31,"column":2},"end":{"line":31,"column":40}},"9":{"start":{"line":35,"column":2},"end":{"line":35,"column":23}},"10":{"start":{"line":36,"column":2},"end":{"line":36,"column":25}},"11":{"start":{"line":37,"column":2},"end":{"line":42,"column":5}},"12":{"start":{"line":46,"column":2},"end":{"line":46,"column":78}},"13":{"start":{"line":50,"column":2},"end":{"line":50,"column":21}},"14":{"start":{"line":51,"column":2},"end":{"line":51,"column":22}},"15":{"start":{"line":52,"column":2},"end":{"line":57,"column":5}}},"fnMap":{"0":{"name":"loadTokens","decl":{"start":{"line":16,"column":22},"end":{"line":16,"column":32}},"loc":{"start":{"line":16,"column":35},"end":{"line":19,"column":1}},"line":16},"1":{"name":"getAccessToken","decl":{"start":{"line":21,"column":16},"end":{"line":21,"column":30}},"loc":{"start":{"line":21,"column":33},"end":{"line":23,"column":1}},"line":21},"2":{"name":"getRefreshToken","decl":{"start":{"line":25,"column":16},"end":{"line":25,"column":31}},"loc":{"start":{"line":25,"column":34},"end":{"line":27,"column":1}},"line":25},"3":{"name":"getCurrentUser","decl":{"start":{"line":29,"column":22},"end":{"line":29,"column":36}},"loc":{"start":{"line":29,"column":61},"end":{"line":32,"column":1}},"line":29},"4":{"name":"setTokens","decl":{"start":{"line":34,"column":22},"end":{"line":34,"column":31}},"loc":{"start":{"line":34,"column":77},"end":{"line":43,"column":1}},"line":34},"5":{"name":"updateCurrentUser","decl":{"start":{"line":45,"column":22},"end":{"line":45,"column":39}},"loc":{"start":{"line":45,"column":52},"end":{"line":47,"column":1}},"line":45},"6":{"name":"clearTokens","decl":{"start":{"line":49,"column":22},"end":{"line":49,"column":33}},"loc":{"start":{"line":49,"column":36},"end":{"line":58,"column":1}},"line":49}},"branchMap":{"0":{"loc":{"start":{"line":31,"column":9},"end":{"line":31,"column":39}},"type":"cond-expr","locations":[{"start":{"line":31,"column":16},"end":{"line":31,"column":32}},{"start":{"line":31,"column":35},"end":{"line":31,"column":39}}],"line":31}},"s":{"0":3,"1":3,"2":3,"3":1,"4":1,"5":0,"6":0,"7":0,"8":0,"9":0,"10":0,"11":0,"12":0,"13":0,"14":0,"15":0},"f":{"0":1,"1":0,"2":0,"3":0,"4":0,"5":0,"6":0},"b":{"0":[0,0]},"_coverageSchema":"1a1c01bbd47fc00a2c39e90264f33305004495a9","hash":"17648056b6bad637436c7f763963686d0c2a8a15"}
,"C:\\Users\\Ana\\projects\\kdvc\\mobile\\src\\services\\exportService.ts": {"path":"C:\\Users\\Ana\\projects\\kdvc\\mobile\\src\\services\\exportService.ts","statementMap":{"0":{"start":{"line":5,"column":29},"end":{"line":79,"column":1}},"1":{"start":{"line":7,"column":19},"end":{"line":7,"column":62}},"2":{"start":{"line":9,"column":4},"end":{"line":11,"column":5}},"3":{"start":{"line":10,"column":6},"end":{"line":10,"column":31}},"4":{"start":{"line":13,"column":17},"end":{"line":24,"column":6}},"5":{"start":{"line":14,"column":27},"end":{"line":14,"column":51}},"6":{"start":{"line":15,"column":23},"end":{"line":17,"column":14}},"7":{"start":{"line":16,"column":8},"end":{"line":16,"column":74}},"8":{"start":{"line":16,"column":47},"end":{"line":16,"column":73}},"9":{"start":{"line":20,"column":8},"end":{"line":20,"column":79}},"10":{"start":{"line":22,"column":6},"end":{"line":23,"column":54}},"11":{"start":{"line":26,"column":4},"end":{"line":26,"column":51}},"12":{"start":{"line":30,"column":19},"end":{"line":30,"column":47}},"13":{"start":{"line":32,"column":4},"end":{"line":34,"column":5}},"14":{"start":{"line":33,"column":6},"end":{"line":33,"column":31}},"15":{"start":{"line":36,"column":17},"end":{"line":47,"column":6}},"16":{"start":{"line":37,"column":25},"end":{"line":39,"column":7}},"17":{"start":{"line":38,"column":20},"end":{"line":38,"column":46}},"18":{"start":{"line":40,"column":24},"end":{"line":40,"column":36}},"19":{"start":{"line":42,"column":26},"end":{"line":44,"column":12}},"20":{"start":{"line":46,"column":6},"end":{"line":46,"column":117}},"21":{"start":{"line":49,"column":4},"end":{"line":49,"column":51}},"22":{"start":{"line":53,"column":4},"end":{"line":77,"column":5}},"23":{"start":{"line":54,"column":27},"end":{"line":54,"column":88}},"24":{"start":{"line":55,"column":19},"end":{"line":55,"column":64}},"25":{"start":{"line":56,"column":6},"end":{"line":56,"column":50}},"26":{"start":{"line":58,"column":27},"end":{"line":63,"column":7}},"27":{"start":{"line":65,"column":6},"end":{"line":65,"column":32}},"28":{"start":{"line":67,"column":6},"end":{"line":67,"column":37}},"29":{"start":{"line":69,"column":6},"end":{"line":69,"column":44}},"30":{"start":{"line":71,"column":6},"end":{"line":76,"column":7}},"31":{"start":{"line":72,"column":8},"end":{"line":75,"column":10}}},"fnMap":{"0":{"name":"(anonymous_0)","decl":{"start":{"line":6,"column":28},"end":{"line":6,"column":29}},"loc":{"start":{"line":6,"column":95},"end":{"line":27,"column":3}},"line":6},"1":{"name":"(anonymous_1)","decl":{"start":{"line":13,"column":30},"end":{"line":13,"column":31}},"loc":{"start":{"line":13,"column":48},"end":{"line":24,"column":5}},"line":13},"2":{"name":"(anonymous_2)","decl":{"start":{"line":15,"column":48},"end":{"line":15,"column":49}},"loc":{"start":{"line":16,"column":8},"end":{"line":16,"column":74}},"line":16},"3":{"name":"(anonymous_3)","decl":{"start":{"line":16,"column":35},"end":{"line":16,"column":36}},"loc":{"start":{"line":16,"column":47},"end":{"line":16,"column":73}},"line":16},"4":{"name":"(anonymous_4)","decl":{"start":{"line":29,"column":25},"end":{"line":29,"column":26}},"loc":{"start":{"line":29,"column":87},"end":{"line":50,"column":3}},"line":29},"5":{"name":"(anonymous_5)","decl":{"start":{"line":36,"column":30},"end":{"line":36,"column":31}},"loc":{"start":{"line":36,"column":48},"end":{"line":47,"column":5}},"line":36},"6":{"name":"(anonymous_6)","decl":{"start":{"line":38,"column":8},"end":{"line":38,"column":9}},"loc":{"start":{"line":38,"column":20},"end":{"line":38,"column":46}},"line":38},"7":{"name":"(anonymous_7)","decl":{"start":{"line":52,"column":15},"end":{"line":52,"column":16}},"loc":{"start":{"line":52,"column":75},"end":{"line":78,"column":3}},"line":52}},"branchMap":{"0":{"loc":{"start":{"line":9,"column":4},"end":{"line":11,"column":5}},"type":"if","locations":[{"start":{"line":9,"column":4},"end":{"line":11,"column":5}},{"start":{},"end":{}}],"line":9},"1":{"loc":{"start":{"line":9,"column":8},"end":{"line":9,"column":42}},"type":"binary-expr","locations":[{"start":{"line":9,"column":8},"end":{"line":9,"column":17}},{"start":{"line":9,"column":21},"end":{"line":9,"column":42}}],"line":9},"2":{"loc":{"start":{"line":20,"column":8},"end":{"line":20,"column":79}},"type":"cond-expr","locations":[{"start":{"line":20,"column":27},"end":{"line":20,"column":71}},{"start":{"line":20,"column":74},"end":{"line":20,"column":79}}],"line":20},"3":{"loc":{"start":{"line":22,"column":16},"end":{"line":22,"column":45}},"type":"binary-expr","locations":[{"start":{"line":22,"column":16},"end":{"line":22,"column":36}},{"start":{"line":22,"column":40},"end":{"line":22,"column":45}}],"line":22},"4":{"loc":{"start":{"line":32,"column":4},"end":{"line":34,"column":5}},"type":"if","locations":[{"start":{"line":32,"column":4},"end":{"line":34,"column":5}},{"start":{},"end":{}}],"line":32},"5":{"loc":{"start":{"line":32,"column":8},"end":{"line":32,"column":42}},"type":"binary-expr","locations":[{"start":{"line":32,"column":8},"end":{"line":32,"column":17}},{"start":{"line":32,"column":21},"end":{"line":32,"column":42}}],"line":32},"6":{"loc":{"start":{"line":42,"column":26},"end":{"line":44,"column":12}},"type":"cond-expr","locations":[{"start":{"line":43,"column":10},"end":{"line":43,"column":54}},{"start":{"line":44,"column":10},"end":{"line":44,"column":12}}],"line":42},"7":{"loc":{"start":{"line":46,"column":16},"end":{"line":46,"column":45}},"type":"binary-expr","locations":[{"start":{"line":46,"column":16},"end":{"line":46,"column":36}},{"start":{"line":46,"column":40},"end":{"line":46,"column":45}}],"line":46},"8":{"loc":{"start":{"line":46,"column":65},"end":{"line":46,"column":99}},"type":"cond-expr","locations":[{"start":{"line":46,"column":77},"end":{"line":46,"column":87}},{"start":{"line":46,"column":90},"end":{"line":46,"column":99}}],"line":46},"9":{"loc":{"start":{"line":71,"column":6},"end":{"line":76,"column":7}},"type":"if","locations":[{"start":{"line":71,"column":6},"end":{"line":76,"column":7}},{"start":{},"end":{}}],"line":71},"10":{"loc":{"start":{"line":74,"column":10},"end":{"line":74,"column":55}},"type":"binary-expr","locations":[{"start":{"line":74,"column":10},"end":{"line":74,"column":23}},{"start":{"line":74,"column":27},"end":{"line":74,"column":55}}],"line":74}},"s":{"0":2,"1":3,"2":3,"3":1,"4":2,"5":4,"6":4,"7":4,"8":5,"9":4,"10":4,"11":2,"12":2,"13":2,"14":1,"15":1,"16":2,"17":2,"18":2,"19":2,"20":2,"21":1,"22":2,"23":2,"24":2,"25":2,"26":1,"27":1,"28":1,"29":1,"30":1,"31":1},"f":{"0":3,"1":4,"2":4,"3":5,"4":2,"5":2,"6":2,"7":2},"b":{"0":[1,2],"1":[3,3],"2":[2,2],"3":[4,0],"4":[1,1],"5":[2,2],"6":[1,1],"7":[2,0],"8":[1,1],"9":[1,0],"10":[1,0]},"_coverageSchema":"1a1c01bbd47fc00a2c39e90264f33305004495a9","hash":"b9609b86f8c8b954e3e9d2559f7ec86be74b3e36"}
,"C:\\Users\\Ana\\projects\\kdvc\\mobile\\src\\services\\types.ts": {"path":"C:\\Users\\Ana\\projects\\kdvc\\mobile\\src\\services\\types.ts","statementMap":{},"fnMap":{},"branchMap":{},"s":{},"f":{},"b":{},"_coverageSchema":"1a1c01bbd47fc00a2c39e90264f33305004495a9","hash":"8265e15a7786c2c8ea8bdafabdfd6c6fedc708aa"}
,"C:\\Users\\Ana\\projects\\kdvc\\mobile\\src\\shared\\hooks\\usePermissions.tsx": {"path":"C:\\Users\\Ana\\projects\\kdvc\\mobile\\src\\shared\\hooks\\usePermissions.tsx","statementMap":{"0":{"start":{"line":6,"column":19},"end":{"line":6,"column":35}},"1":{"start":{"line":8,"column":30},"end":{"line":51,"column":1}},"2":{"start":{"line":9,"column":32},"end":{"line":9,"column":56}},"3":{"start":{"line":11,"column":28},"end":{"line":44,"column":3}},"4":{"start":{"line":13,"column":6},"end":{"line":22,"column":14}},"5":{"start":{"line":24,"column":20},"end":{"line":24,"column":61}},"6":{"start":{"line":26,"column":23},"end":{"line":26,"column":85}},"7":{"start":{"line":26,"column":47},"end":{"line":26,"column":84}},"8":{"start":{"line":27,"column":23},"end":{"line":27,"column":46}},"9":{"start":{"line":29,"column":4},"end":{"line":41,"column":5}},"10":{"start":{"line":30,"column":6},"end":{"line":30,"column":56}},"11":{"start":{"line":31,"column":6},"end":{"line":34,"column":8}},"12":{"start":{"line":33,"column":87},"end":{"line":33,"column":105}},"13":{"start":{"line":35,"column":11},"end":{"line":41,"column":5}},"14":{"start":{"line":36,"column":6},"end":{"line":40,"column":7}},"15":{"start":{"line":37,"column":8},"end":{"line":37,"column":34}},"16":{"start":{"line":39,"column":8},"end":{"line":39,"column":96}},"17":{"start":{"line":43,"column":4},"end":{"line":43,"column":27}},"18":{"start":{"line":46,"column":2},"end":{"line":48,"column":9}},"19":{"start":{"line":47,"column":4},"end":{"line":47,"column":24}},"20":{"start":{"line":50,"column":2},"end":{"line":50,"column":21}}},"fnMap":{"0":{"name":"(anonymous_0)","decl":{"start":{"line":8,"column":30},"end":{"line":8,"column":31}},"loc":{"start":{"line":8,"column":36},"end":{"line":51,"column":1}},"line":8},"1":{"name":"(anonymous_1)","decl":{"start":{"line":11,"column":28},"end":{"line":11,"column":29}},"loc":{"start":{"line":11,"column":40},"end":{"line":44,"column":3}},"line":11},"2":{"name":"(anonymous_2)","decl":{"start":{"line":26,"column":42},"end":{"line":26,"column":43}},"loc":{"start":{"line":26,"column":47},"end":{"line":26,"column":84}},"line":26},"3":{"name":"(anonymous_3)","decl":{"start":{"line":33,"column":82},"end":{"line":33,"column":83}},"loc":{"start":{"line":33,"column":87},"end":{"line":33,"column":105}},"line":33},"4":{"name":"(anonymous_4)","decl":{"start":{"line":46,"column":12},"end":{"line":46,"column":13}},"loc":{"start":{"line":46,"column":18},"end":{"line":48,"column":3}},"line":46}},"branchMap":{"0":{"loc":{"start":{"line":13,"column":6},"end":{"line":22,"column":14}},"type":"cond-expr","locations":[{"start":{"line":14,"column":10},"end":{"line":19,"column":9}},{"start":{"line":20,"column":10},"end":{"line":22,"column":14}}],"line":13},"1":{"loc":{"start":{"line":20,"column":10},"end":{"line":22,"column":14}},"type":"cond-expr","locations":[{"start":{"line":21,"column":12},"end":{"line":21,"column":77}},{"start":{"line":22,"column":12},"end":{"line":22,"column":14}}],"line":20},"2":{"loc":{"start":{"line":29,"column":4},"end":{"line":41,"column":5}},"type":"if","locations":[{"start":{"line":29,"column":4},"end":{"line":41,"column":5}},{"start":{"line":35,"column":11},"end":{"line":41,"column":5}}],"line":29},"3":{"loc":{"start":{"line":35,"column":11},"end":{"line":41,"column":5}},"type":"if","locations":[{"start":{"line":35,"column":11},"end":{"line":41,"column":5}},{"start":{},"end":{}}],"line":35}},"s":{"0":1,"1":1,"2":4,"3":4,"4":2,"5":2,"6":2,"7":4,"8":2,"9":2,"10":2,"11":2,"12":4,"13":0,"14":0,"15":0,"16":0,"17":2,"18":4,"19":2,"20":4},"f":{"0":4,"1":2,"2":4,"3":4,"4":2},"b":{"0":[0,2],"1":[2,0],"2":[2,0],"3":[0,0]},"_coverageSchema":"1a1c01bbd47fc00a2c39e90264f33305004495a9","hash":"7fe3358b11452e8651c14ab4ba939c216cb9601d"}
}
