TN:
SF:App.tsx
FN:22,App
FN:25,(anonymous_1)
FNF:2
FNH:2
FNDA:1,App
FNDA:1,(anonymous_1)
DA:19,1
DA:20,1
DA:23,1
DA:25,1
DA:26,1
DA:29,1
LF:6
LH:6
BRF:0
BRH:0
end_of_record
TN:
SF:CreateForm.tsx
FN:16,(anonymous_0)
FN:21,(anonymous_1)
FNF:2
FNH:0
FNDA:0,(anonymous_0)
FNDA:0,(anonymous_1)
DA:16,1
DA:17,0
DA:18,0
DA:19,0
DA:21,0
DA:22,0
DA:23,0
DA:25,0
DA:28,0
DA:37,0
DA:38,0
DA:39,0
DA:42,0
DA:43,0
DA:45,0
DA:47,0
DA:51,0
DA:73,1
LF:18
LH:2
BRDA:37,0,0,0
BRDA:37,0,1,0
BRDA:45,1,0,0
BRDA:45,1,1,0
BRDA:63,2,0,0
BRDA:63,2,1,0
BRDA:68,3,0,0
BRDA:68,3,1,0
BRF:8
BRH:0
end_of_record
TN:
SF:src\components\AddClassModal.tsx
FN:46,(anonymous_0)
FN:55,(anonymous_1)
FN:56,(anonymous_2)
FN:71,(anonymous_3)
FN:88,(anonymous_4)
FN:108,(anonymous_5)
FN:118,(anonymous_6)
FN:135,(anonymous_7)
FN:140,(anonymous_8)
FN:180,(anonymous_9)
FN:188,(anonymous_10)
FN:193,(anonymous_11)
FN:204,(anonymous_12)
FN:238,(anonymous_13)
FNF:14
FNH:4
FNDA:3,(anonymous_0)
FNDA:0,(anonymous_1)
FNDA:0,(anonymous_2)
FNDA:0,(anonymous_3)
FNDA:0,(anonymous_4)
FNDA:0,(anonymous_5)
FNDA:0,(anonymous_6)
FNDA:0,(anonymous_7)
FNDA:0,(anonymous_8)
FNDA:15,(anonymous_9)
FNDA:12,(anonymous_10)
FNDA:60,(anonymous_11)
FNDA:0,(anonymous_12)
FNDA:0,(anonymous_13)
DA:30,2
DA:41,2
DA:42,2
DA:46,2
DA:51,3
DA:52,3
DA:53,3
DA:55,3
DA:56,0
DA:57,0
DA:58,0
DA:59,0
DA:61,0
DA:62,0
DA:63,0
DA:65,0
DA:67,0
DA:71,3
DA:72,0
DA:73,0
DA:77,0
DA:79,0
DA:82,0
DA:83,0
DA:88,3
DA:93,0
DA:101,0
DA:108,0
DA:109,0
DA:110,0
DA:118,3
DA:119,0
DA:120,0
DA:121,0
DA:123,0
DA:124,0
DA:128,0
DA:131,0
DA:132,0
DA:135,3
DA:136,0
DA:137,0
DA:140,3
DA:141,0
DA:142,0
DA:143,0
DA:146,3
DA:181,15
DA:189,12
DA:194,60
DA:195,60
DA:196,60
DA:204,0
DA:238,0
DA:272,2
LF:55
LH:20
BRDA:58,0,0,0
BRDA:58,0,1,0
BRDA:61,1,0,0
BRDA:61,1,1,0
BRDA:79,2,0,0
BRDA:79,2,1,0
BRDA:79,3,0,0
BRDA:79,3,1,0
BRDA:119,4,0,0
BRDA:119,4,1,0
BRDA:123,5,0,0
BRDA:123,5,1,0
BRDA:201,6,0,60
BRDA:201,6,1,0
BRDA:206,7,0,60
BRDA:206,7,1,0
BRDA:233,8,0,0
BRDA:233,8,1,3
BRDA:236,9,0,3
BRDA:236,9,1,0
BRF:20
BRH:4
end_of_record
TN:
SF:src\components\AddStudentModal.tsx
FN:34,(anonymous_0)
FN:43,(anonymous_1)
FN:50,(anonymous_2)
FN:51,(anonymous_3)
FN:54,(anonymous_4)
FN:55,(anonymous_5)
FN:71,(anonymous_6)
FN:72,(anonymous_7)
FN:75,(anonymous_8)
FN:83,(anonymous_9)
FN:142,(anonymous_10)
FN:145,(anonymous_11)
FNF:12
FNH:1
FNDA:4,(anonymous_0)
FNDA:0,(anonymous_1)
FNDA:0,(anonymous_2)
FNDA:0,(anonymous_3)
FNDA:0,(anonymous_4)
FNDA:0,(anonymous_5)
FNDA:0,(anonymous_6)
FNDA:0,(anonymous_7)
FNDA:0,(anonymous_8)
FNDA:0,(anonymous_9)
FNDA:0,(anonymous_10)
FNDA:0,(anonymous_11)
DA:23,2
DA:34,2
DA:40,4
DA:41,4
DA:43,4
DA:44,0
DA:45,0
DA:48,0
DA:50,0
DA:51,0
DA:54,0
DA:55,0
DA:57,0
DA:58,0
DA:62,0
DA:66,0
DA:67,0
DA:68,0
DA:71,4
DA:72,0
DA:75,4
DA:76,0
DA:77,0
DA:78,0
DA:80,0
DA:83,4
DA:84,0
DA:85,0
DA:86,0
DA:89,4
DA:143,0
DA:145,0
DA:189,2
LF:33
LH:10
BRDA:38,0,0,2
BRDA:45,1,0,0
BRDA:45,1,1,0
BRDA:57,2,0,0
BRDA:57,2,1,0
BRDA:76,3,0,0
BRDA:76,3,1,0
BRDA:99,4,0,4
BRDA:99,4,1,0
BRDA:172,5,0,4
BRDA:172,5,1,4
BRDA:175,6,0,4
BRDA:175,6,1,3
BRDA:178,7,0,1
BRDA:178,7,1,3
BRF:15
BRH:8
end_of_record
TN:
SF:src\components\AttendanceModal.tsx
FN:30,(anonymous_0)
FN:40,(anonymous_1)
FN:42,(anonymous_2)
FN:61,(anonymous_3)
FN:77,(anonymous_4)
FN:78,(anonymous_5)
FN:101,(anonymous_6)
FN:120,(anonymous_7)
FNF:8
FNH:5
FNDA:9,(anonymous_0)
FNDA:9,(anonymous_1)
FNDA:14,(anonymous_2)
FNDA:0,(anonymous_3)
FNDA:21,(anonymous_4)
FNDA:14,(anonymous_5)
FNDA:0,(anonymous_6)
FNDA:0,(anonymous_7)
DA:30,2
DA:39,9
DA:40,9
DA:42,14
DA:43,9
DA:44,9
DA:62,0
DA:63,0
DA:77,21
DA:79,14
DA:101,0
DA:120,0
DA:146,2
LF:13
LH:9
BRDA:62,0,0,0
BRDA:62,0,1,0
BRDA:62,1,0,0
BRDA:62,1,1,0
BRDA:84,2,0,7
BRDA:84,2,1,7
BRDA:90,3,0,14
BRDA:90,3,1,0
BRDA:97,4,0,7
BRDA:97,4,1,7
BRDA:106,5,0,7
BRDA:106,5,1,7
BRDA:116,6,0,7
BRDA:116,6,1,7
BRDA:125,7,0,7
BRDA:125,7,1,7
BRF:16
BRH:11
end_of_record
TN:
SF:src\components\ClassCard.tsx
FN:38,ClassCard
FN:51,(anonymous_1)
FN:56,(anonymous_2)
FNF:3
FNH:3
FNDA:10,ClassCard
FNDA:12,(anonymous_1)
FNDA:21,(anonymous_2)
DA:11,2
DA:49,10
DA:51,12
DA:56,10
DA:57,21
DA:58,21
DA:61,10
DA:62,10
DA:63,10
DA:65,10
DA:120,2
LF:11
LH:11
BRDA:42,0,0,5
BRDA:44,1,0,8
BRDA:57,2,0,0
BRDA:57,2,1,21
BRDA:58,3,0,0
BRDA:58,3,1,21
BRDA:63,4,0,1
BRDA:63,4,1,9
BRDA:73,5,0,1
BRDA:73,5,1,9
BRDA:87,6,0,4
BRDA:87,6,1,6
BRDA:91,7,0,1
BRDA:91,7,1,3
BRDA:98,8,0,4
BRDA:98,8,1,1
BRDA:100,9,0,1
BRDA:100,9,1,3
BRDA:105,10,0,4
BRDA:105,10,1,1
BRDA:107,11,0,1
BRDA:107,11,1,3
BRF:22
BRH:20
end_of_record
TN:
SF:src\components\DisciplineCard.tsx
FN:30,DisciplineCard
FN:43,(anonymous_1)
FN:48,(anonymous_2)
FN:86,(anonymous_3)
FNF:4
FNH:3
FNDA:8,DisciplineCard
FNDA:9,(anonymous_1)
FNDA:16,(anonymous_2)
FNDA:0,(anonymous_3)
DA:4,2
DA:41,8
DA:43,9
DA:48,8
DA:49,16
DA:50,9
DA:53,8
DA:54,8
DA:56,8
DA:86,0
DA:105,2
LF:11
LH:10
BRDA:37,0,0,6
BRDA:38,1,0,8
BRDA:39,2,0,8
BRDA:49,3,0,7
BRDA:49,3,1,9
BRDA:50,4,0,0
BRDA:50,4,1,9
BRDA:64,5,0,1
BRDA:64,5,1,7
BRDA:73,6,0,8
BRDA:73,6,1,1
BRDA:74,7,0,8
BRDA:74,7,1,1
BRDA:83,8,0,8
BRDA:83,8,1,1
BRDA:84,9,0,8
BRDA:84,9,1,0
BRDA:92,10,0,8
BRDA:92,10,1,1
BRDA:93,11,0,8
BRDA:93,11,1,0
BRDA:96,12,0,7
BRDA:96,12,1,1
BRF:23
BRH:20
end_of_record
TN:
SF:src\components\EditCourseModal.tsx
FN:40,(anonymous_0)
FN:52,(anonymous_1)
FN:61,(anonymous_2)
FN:79,(anonymous_3)
FN:159,(anonymous_4)
FNF:5
FNH:2
FNDA:5,(anonymous_0)
FNDA:4,(anonymous_1)
FNDA:0,(anonymous_2)
FNDA:0,(anonymous_3)
FNDA:0,(anonymous_4)
DA:30,2
DA:40,2
DA:46,5
DA:47,5
DA:48,5
DA:49,5
DA:50,5
DA:52,5
DA:53,4
DA:54,1
DA:55,1
DA:56,1
DA:57,1
DA:61,5
DA:62,0
DA:63,0
DA:70,0
DA:71,0
DA:72,0
DA:75,0
DA:79,5
DA:80,0
DA:81,0
DA:82,0
DA:85,0
DA:86,0
DA:88,0
DA:89,0
DA:90,0
DA:92,0
DA:93,0
DA:94,0
DA:96,0
DA:97,0
DA:98,0
DA:101,0
DA:102,0
DA:103,0
DA:106,0
DA:107,0
DA:109,0
DA:110,0
DA:114,0
DA:115,0
DA:117,0
DA:119,0
DA:120,0
DA:122,0
DA:126,5
DA:159,0
DA:196,2
LF:51
LH:17
BRDA:53,0,0,1
BRDA:53,0,1,3
BRDA:53,1,0,4
BRDA:53,1,1,3
BRDA:54,2,0,1
BRDA:54,2,1,0
BRDA:55,3,0,1
BRDA:55,3,1,0
BRDA:56,4,0,1
BRDA:56,4,1,1
BRDA:70,5,0,0
BRDA:70,5,1,0
BRDA:70,6,0,0
BRDA:70,6,1,0
BRDA:71,7,0,0
BRDA:71,7,1,0
BRDA:80,8,0,0
BRDA:80,8,1,0
BRDA:88,9,0,0
BRDA:88,9,1,0
BRDA:88,10,0,0
BRDA:88,10,1,0
BRDA:92,11,0,0
BRDA:92,11,1,0
BRDA:92,12,0,0
BRDA:92,12,1,0
BRDA:96,13,0,0
BRDA:96,13,1,0
BRDA:96,14,0,0
BRDA:96,14,1,0
BRDA:97,15,0,0
BRDA:97,15,1,0
BRDA:101,16,0,0
BRDA:101,16,1,0
BRDA:114,17,0,0
BRDA:114,17,1,0
BRDA:144,18,0,0
BRDA:144,18,1,5
BRDA:157,19,0,0
BRDA:157,19,1,5
BRDA:159,20,0,0
BRDA:159,20,1,0
BRDA:163,21,0,0
BRDA:163,21,1,5
BRDA:180,22,0,5
BRDA:180,22,1,0
BRDA:184,23,0,0
BRDA:184,23,1,5
BRF:48
BRH:13
end_of_record
TN:
SF:src\components\PresenceCard.tsx
FN:10,PresenceCard
FN:11,(anonymous_1)
FNF:2
FNH:2
FNDA:5,PresenceCard
FNDA:5,(anonymous_1)
DA:11,5
DA:12,5
DA:13,5
DA:16,5
DA:18,5
DA:32,2
LF:6
LH:6
BRDA:12,0,0,0
BRDA:12,0,1,5
BRDA:13,1,0,0
BRDA:13,1,1,5
BRDA:16,2,0,5
BRDA:16,2,1,4
BRDA:24,3,0,4
BRDA:24,3,1,1
BRDA:25,4,0,4
BRDA:25,4,1,1
BRF:10
BRH:8
end_of_record
TN:
SF:src\components\PrimaryButton.tsx
FN:10,PrimaryButton
FNF:1
FNH:1
FNDA:4,PrimaryButton
DA:11,4
DA:22,1
LF:2
LH:2
BRDA:13,0,0,4
BRDA:13,0,1,1
BRF:2
BRH:2
end_of_record
TN:
SF:src\components\ProfessorHomeHeader.tsx
FN:24,ProfessorHomeHeader
FN:38,(anonymous_1)
FNF:2
FNH:1
FNDA:8,ProfessorHomeHeader
FNDA:0,(anonymous_1)
DA:9,2
DA:30,8
DA:32,8
DA:39,0
DA:40,0
DA:41,0
DA:42,0
DA:44,0
DA:46,0
DA:79,2
LF:10
LH:4
BRDA:54,0,0,8
BRDA:54,0,1,7
BRDA:59,1,0,8
BRDA:59,1,1,1
BRDA:67,2,0,1
BRDA:67,2,1,7
BRF:6
BRH:6
end_of_record
TN:
SF:src\components\ProfileModal.tsx
FN:45,(anonymous_0)
FN:59,(anonymous_1)
FN:68,(anonymous_2)
FN:86,(anonymous_3)
FN:93,(anonymous_4)
FN:159,(anonymous_5)
FN:230,(anonymous_6)
FNF:7
FNH:2
FNDA:7,(anonymous_0)
FNDA:5,(anonymous_1)
FNDA:0,(anonymous_2)
FNDA:0,(anonymous_3)
FNDA:0,(anonymous_4)
FNDA:0,(anonymous_5)
FNDA:0,(anonymous_6)
DA:35,2
DA:45,2
DA:52,7
DA:53,7
DA:54,7
DA:55,7
DA:56,7
DA:59,7
DA:60,5
DA:61,2
DA:62,2
DA:63,2
DA:64,2
DA:68,7
DA:69,0
DA:70,0
DA:77,0
DA:78,0
DA:79,0
DA:82,0
DA:86,7
DA:87,0
DA:88,0
DA:89,0
DA:90,0
DA:93,7
DA:94,0
DA:95,0
DA:98,0
DA:99,0
DA:100,0
DA:104,0
DA:105,0
DA:106,0
DA:110,0
DA:111,0
DA:112,0
DA:113,0
DA:114,0
DA:116,0
DA:117,0
DA:120,0
DA:122,0
DA:123,0
DA:124,0
DA:128,0
DA:129,0
DA:130,0
DA:133,0
DA:134,0
DA:136,0
DA:137,0
DA:142,0
DA:143,0
DA:145,0
DA:147,0
DA:148,0
DA:150,0
DA:154,7
DA:160,0
DA:232,0
DA:233,0
DA:234,0
DA:262,2
LF:64
LH:18
BRDA:49,0,0,5
BRDA:60,1,0,2
BRDA:60,1,1,3
BRDA:60,2,0,5
BRDA:60,2,1,4
BRDA:61,3,0,2
BRDA:61,3,1,0
BRDA:62,4,0,2
BRDA:62,4,1,2
BRDA:63,5,0,2
BRDA:63,5,1,2
BRDA:77,6,0,0
BRDA:77,6,1,0
BRDA:77,7,0,0
BRDA:77,7,1,0
BRDA:78,8,0,0
BRDA:78,8,1,0
BRDA:87,9,0,0
BRDA:87,9,1,0
BRDA:88,10,0,0
BRDA:88,10,1,0
BRDA:98,11,0,0
BRDA:98,11,1,0
BRDA:98,12,0,0
BRDA:98,12,1,0
BRDA:99,13,0,0
BRDA:99,13,1,0
BRDA:104,14,0,0
BRDA:104,14,1,0
BRDA:104,15,0,0
BRDA:104,15,1,0
BRDA:105,16,0,0
BRDA:105,16,1,0
BRDA:110,17,0,0
BRDA:110,17,1,0
BRDA:110,18,0,0
BRDA:110,18,1,0
BRDA:110,19,0,0
BRDA:110,19,1,0
BRDA:112,20,0,0
BRDA:112,20,1,0
BRDA:120,21,0,0
BRDA:120,21,1,0
BRDA:120,22,0,0
BRDA:120,22,1,0
BRDA:120,22,2,0
BRDA:122,23,0,0
BRDA:122,23,1,0
BRDA:128,24,0,0
BRDA:128,24,1,0
BRDA:142,25,0,0
BRDA:142,25,1,0
BRDA:160,26,0,0
BRDA:160,26,1,0
BRDA:167,27,0,2
BRDA:167,27,1,5
BRDA:169,28,0,7
BRDA:169,28,1,5
BRDA:176,29,0,7
BRDA:176,29,1,2
BRDA:184,30,0,0
BRDA:184,30,1,7
BRDA:209,31,0,7
BRDA:209,31,1,3
BRDA:224,32,0,7
BRDA:224,32,1,7
BRDA:228,33,0,0
BRDA:228,33,1,7
BRDA:234,34,0,0
BRDA:234,34,1,0
BRDA:241,35,0,0
BRDA:241,35,1,7
BRDA:246,36,0,7
BRDA:246,36,1,0
BRDA:250,37,0,0
BRDA:250,37,1,7
BRF:76
BRH:25
end_of_record
TN:
SF:src\components\StartClassModal.tsx
FN:29,(anonymous_0)
FN:39,(anonymous_1)
FN:48,(anonymous_2)
FN:81,(anonymous_3)
FNF:4
FNH:1
FNDA:6,(anonymous_0)
FNDA:0,(anonymous_1)
FNDA:0,(anonymous_2)
FNDA:0,(anonymous_3)
DA:21,2
DA:29,2
DA:37,6
DA:39,6
DA:40,0
DA:41,0
DA:42,0
DA:44,0
DA:45,0
DA:48,6
DA:49,0
DA:50,0
DA:53,6
DA:81,0
DA:103,2
LF:15
LH:7
BRDA:40,0,0,0
BRDA:40,0,1,0
BRDA:64,1,0,1
BRDA:64,1,1,5
BRDA:85,2,0,6
BRDA:85,2,1,1
BRF:6
BRH:4
end_of_record
TN:
SF:src\components\StudentHomeHeader.tsx
FN:21,Header
FN:30,(anonymous_1)
FNF:2
FNH:1
FNDA:7,Header
FNDA:0,(anonymous_1)
DA:9,2
DA:22,7
DA:24,7
DA:31,0
DA:32,0
DA:33,0
DA:34,0
DA:36,0
DA:38,0
DA:66,2
LF:10
LH:4
BRDA:46,0,0,7
BRDA:46,0,1,6
BRDA:55,1,0,1
BRDA:55,1,1,6
BRF:4
BRH:4
end_of_record
TN:
SF:src\context\StudentAttendanceContext.tsx
FN:17,(anonymous_0)
FN:26,(anonymous_1)
FN:48,(anonymous_2)
FN:57,(anonymous_3)
FN:76,(anonymous_4)
FN:81,(anonymous_5)
FN:99,(anonymous_6)
FN:102,(anonymous_7)
FN:112,(anonymous_8)
FN:122,(anonymous_9)
FN:126,(anonymous_10)
FN:127,(anonymous_11)
FN:131,(anonymous_12)
FN:151,(anonymous_13)
FN:161,useStudentAttendance
FNF:15
FNH:3
FNDA:3,(anonymous_0)
FNDA:0,(anonymous_1)
FNDA:0,(anonymous_2)
FNDA:0,(anonymous_3)
FNDA:0,(anonymous_4)
FNDA:0,(anonymous_5)
FNDA:0,(anonymous_6)
FNDA:0,(anonymous_7)
FNDA:0,(anonymous_8)
FNDA:1,(anonymous_9)
FNDA:1,(anonymous_10)
FNDA:0,(anonymous_11)
FNDA:0,(anonymous_12)
FNDA:0,(anonymous_13)
FNDA:0,useStudentAttendance
DA:15,1
DA:17,1
DA:18,3
DA:19,3
DA:21,3
DA:22,3
DA:23,3
DA:24,3
DA:26,3
DA:27,0
DA:32,0
DA:33,0
DA:35,0
DA:36,0
DA:37,0
DA:38,0
DA:40,0
DA:41,0
DA:44,0
DA:46,0
DA:47,0
DA:48,0
DA:49,0
DA:50,0
DA:56,0
DA:58,0
DA:59,0
DA:61,0
DA:64,0
DA:65,0
DA:66,0
DA:68,0
DA:69,0
DA:72,0
DA:75,0
DA:76,0
DA:77,0
DA:78,0
DA:80,0
DA:81,0
DA:82,0
DA:83,0
DA:84,0
DA:85,0
DA:89,0
DA:95,0
DA:96,0
DA:97,0
DA:98,0
DA:99,0
DA:101,0
DA:102,0
DA:103,0
DA:104,0
DA:105,0
DA:106,0
DA:112,0
DA:115,0
DA:120,3
DA:122,3
DA:123,1
DA:126,3
DA:127,1
DA:128,0
DA:129,0
DA:131,0
DA:132,0
DA:133,0
DA:134,0
DA:135,0
DA:136,0
DA:138,0
DA:139,0
DA:140,0
DA:141,0
DA:143,0
DA:144,0
DA:147,0
DA:151,1
DA:154,3
DA:162,0
LF:81
LH:16
BRDA:27,0,0,0
BRDA:27,0,1,0
BRDA:28,1,0,0
BRDA:28,1,1,0
BRDA:28,1,2,0
BRDA:37,2,0,0
BRDA:37,2,1,0
BRDA:37,3,0,0
BRDA:37,3,1,0
BRDA:40,4,0,0
BRDA:40,4,1,0
BRDA:46,5,0,0
BRDA:46,5,1,0
BRDA:49,6,0,0
BRDA:49,6,1,0
BRDA:58,7,0,0
BRDA:58,7,1,0
BRDA:59,8,0,0
BRDA:59,8,1,0
BRDA:61,9,0,0
BRDA:61,9,1,0
BRDA:66,10,0,0
BRDA:66,10,1,0
BRDA:66,11,0,0
BRDA:66,11,1,0
BRDA:78,12,0,0
BRDA:78,12,1,0
BRDA:80,13,0,0
BRDA:80,13,1,0
BRDA:80,14,0,0
BRDA:80,14,1,0
BRDA:82,15,0,0
BRDA:82,15,1,0
BRDA:97,16,0,0
BRDA:97,16,1,0
BRDA:97,17,0,0
BRDA:97,17,1,0
BRDA:101,18,0,0
BRDA:101,18,1,0
BRDA:103,19,0,0
BRDA:103,19,1,0
BRDA:136,20,0,0
BRDA:136,20,1,0
BRDA:138,21,0,0
BRDA:138,21,1,0
BRDA:147,22,0,0
BRDA:147,22,1,0
BRF:47
BRH:0
end_of_record
TN:
SF:src\domain\bluetooth\types.ts
FNF:0
FNH:0
DA:10,2
DA:11,2
LF:2
LH:2
BRF:0
BRH:0
end_of_record
TN:
SF:src\domain\bluetooth\useAdvertiser.tsx
FN:9,(anonymous_0)
FN:13,(anonymous_1)
FN:19,(anonymous_2)
FN:40,(anonymous_3)
FNF:4
FNH:0
FNDA:0,(anonymous_0)
FNDA:0,(anonymous_1)
FNDA:0,(anonymous_2)
FNDA:0,(anonymous_3)
DA:9,1
DA:10,0
DA:12,0
DA:16,0
DA:19,0
DA:21,0
DA:23,0
DA:24,0
DA:25,0
DA:26,0
DA:27,0
DA:29,0
DA:30,0
DA:31,0
DA:33,0
DA:34,0
DA:40,0
DA:41,0
DA:42,0
DA:43,0
DA:45,0
DA:49,0
LF:22
LH:1
BRDA:16,0,0,0
BRDA:16,0,1,0
BRF:2
BRH:0
end_of_record
TN:
SF:src\domain\bluetooth\useScanner.tsx
FN:10,(anonymous_0)
FN:14,(anonymous_1)
FN:20,(anonymous_2)
FN:24,(anonymous_3)
FN:25,(anonymous_4)
FN:30,(anonymous_5)
FN:39,(anonymous_6)
FNF:7
FNH:2
FNDA:3,(anonymous_0)
FNDA:1,(anonymous_1)
FNDA:0,(anonymous_2)
FNDA:0,(anonymous_3)
FNDA:0,(anonymous_4)
FNDA:0,(anonymous_5)
FNDA:0,(anonymous_6)
DA:10,1
DA:11,3
DA:12,3
DA:14,3
DA:16,1
DA:17,1
DA:19,1
DA:21,0
DA:22,0
DA:24,0
DA:25,0
DA:26,0
DA:27,0
DA:31,0
DA:32,0
DA:36,1
DA:39,3
DA:40,0
DA:41,0
DA:44,3
LF:20
LH:10
BRDA:21,0,0,0
BRDA:21,0,1,0
BRDA:26,1,0,0
BRDA:26,1,1,0
BRF:4
BRH:0
end_of_record
TN:
SF:src\domain\bluetooth\useStartAttendance.tsx
FN:12,(anonymous_0)
FN:18,(anonymous_1)
FN:39,(anonymous_2)
FNF:3
FNH:0
FNDA:0,(anonymous_0)
FNDA:0,(anonymous_1)
FNDA:0,(anonymous_2)
DA:5,1
DA:12,1
DA:13,0
DA:14,0
DA:18,0
DA:19,0
DA:20,0
DA:21,0
DA:22,0
DA:23,0
DA:27,0
DA:30,0
DA:33,0
DA:35,0
DA:36,0
DA:39,0
DA:40,0
DA:43,0
LF:18
LH:2
BRDA:21,0,0,0
BRDA:21,0,1,0
BRF:2
BRH:0
end_of_record
TN:
SF:src\hooks\useAddStudents.ts
FN:4,useAddStudents
FN:8,(anonymous_1)
FN:24,(anonymous_2)
FNF:3
FNH:0
FNDA:0,useAddStudents
FNDA:0,(anonymous_1)
FNDA:0,(anonymous_2)
DA:5,0
DA:7,0
DA:15,0
DA:22,0
DA:25,0
DA:28,0
LF:6
LH:0
BRF:0
BRH:0
end_of_record
TN:
SF:src\hooks\useClassById.ts
FN:4,useCourseById
FN:7,(anonymous_1)
FNF:2
FNH:0
FNDA:0,useCourseById
FNDA:0,(anonymous_1)
DA:5,0
DA:7,0
LF:2
LH:0
BRF:0
BRH:0
end_of_record
TN:
SF:src\hooks\useCreateCourse.ts
FN:8,useCreateCourse
FN:12,(anonymous_1)
FN:36,(anonymous_2)
FNF:3
FNH:0
FNDA:0,useCreateCourse
FNDA:0,(anonymous_1)
FNDA:0,(anonymous_2)
DA:9,0
DA:11,0
DA:24,0
DA:34,0
DA:38,0
LF:5
LH:0
BRF:0
BRH:0
end_of_record
TN:
SF:src\hooks\useLogin.ts
FN:28,useLogin
FN:30,(anonymous_1)
FNF:2
FNH:0
FNDA:0,useLogin
FNDA:0,(anonymous_1)
DA:29,0
DA:31,0
DA:40,0
DA:42,0
LF:4
LH:0
BRF:0
BRH:0
end_of_record
TN:
SF:src\hooks\useProfessorClassDetails.ts
FN:4,useProfessorClassStudents
FN:7,(anonymous_1)
FN:26,useProfessorAttendanceHistory
FN:29,(anonymous_3)
FN:36,(anonymous_4)
FN:37,(anonymous_5)
FNF:6
FNH:0
FNDA:0,useProfessorClassStudents
FNDA:0,(anonymous_1)
FNDA:0,useProfessorAttendanceHistory
FNDA:0,(anonymous_3)
FNDA:0,(anonymous_4)
FNDA:0,(anonymous_5)
DA:5,0
DA:8,0
DA:9,0
DA:27,0
DA:30,0
DA:34,0
DA:36,0
DA:38,0
DA:39,0
DA:58,0
LF:10
LH:0
BRDA:9,0,0,0
BRDA:9,0,1,0
BRDA:35,1,0,0
BRDA:35,1,1,0
BRDA:61,2,0,0
BRDA:61,2,1,0
BRDA:62,3,0,0
BRDA:62,3,1,0
BRF:8
BRH:0
end_of_record
TN:
SF:src\hooks\useProfessorDisciplines.ts
FN:5,useProfessorDisciplines
FN:8,(anonymous_1)
FN:18,(anonymous_2)
FNF:3
FNH:0
FNDA:0,useProfessorDisciplines
FNDA:0,(anonymous_1)
FNDA:0,(anonymous_2)
DA:6,0
DA:9,0
DA:14,0
DA:18,0
LF:4
LH:0
BRDA:14,0,0,0
BRDA:14,0,1,0
BRF:2
BRH:0
end_of_record
TN:
SF:src\hooks\useProfessorStudents.ts
FN:4,useProfessorStudents
FN:7,(anonymous_1)
FNF:2
FNH:0
FNDA:0,useProfessorStudents
FNDA:0,(anonymous_1)
DA:5,0
DA:8,0
DA:9,0
LF:3
LH:0
BRDA:9,0,0,0
BRDA:9,0,1,0
BRF:2
BRH:0
end_of_record
TN:
SF:src\hooks\useRemoveCourse.ts
FN:7,useRemoveCourse
FN:11,(anonymous_1)
FN:16,(anonymous_2)
FNF:3
FNH:0
FNDA:0,useRemoveCourse
FNDA:0,(anonymous_1)
FNDA:0,(anonymous_2)
DA:8,0
DA:10,0
DA:12,0
DA:18,0
LF:4
LH:0
BRF:0
BRH:0
end_of_record
TN:
SF:src\hooks\useRemoveStudent.ts
FN:7,useRemoveStudent
FN:11,(anonymous_1)
FN:22,(anonymous_2)
FNF:3
FNH:0
FNDA:0,useRemoveStudent
FNDA:0,(anonymous_1)
FNDA:0,(anonymous_2)
DA:8,0
DA:10,0
DA:18,0
DA:24,0
LF:4
LH:0
BRF:0
BRH:0
end_of_record
TN:
SF:src\hooks\useStudentClasses.ts
FN:4,useStudentClasses
FN:7,(anonymous_1)
FNF:2
FNH:0
FNDA:0,useStudentClasses
FNDA:0,(anonymous_1)
DA:5,0
DA:7,0
LF:2
LH:0
BRF:0
BRH:0
end_of_record
TN:
SF:src\hooks\useUpdateUser.ts
FN:13,useUpdateUser
FN:15,(anonymous_1)
FNF:2
FNH:0
FNDA:0,useUpdateUser
FNDA:0,(anonymous_1)
DA:14,0
DA:22,0
LF:2
LH:0
BRF:0
BRH:0
end_of_record
TN:
SF:src\screens\BluetoothScreen.tsx
FN:25,BluetoothScreen
FN:33,(anonymous_1)
FN:44,(anonymous_2)
FN:57,(anonymous_3)
FN:76,(anonymous_4)
FN:105,(anonymous_5)
FN:106,(anonymous_6)
FN:126,(anonymous_7)
FNF:8
FNH:1
FNDA:5,BluetoothScreen
FNDA:0,(anonymous_1)
FNDA:0,(anonymous_2)
FNDA:0,(anonymous_3)
FNDA:0,(anonymous_4)
FNDA:0,(anonymous_5)
FNDA:0,(anonymous_6)
FNDA:0,(anonymous_7)
DA:20,2
DA:26,5
DA:27,5
DA:30,5
DA:31,5
DA:33,5
DA:34,0
DA:37,5
DA:44,0
DA:58,0
DA:59,0
DA:63,0
DA:65,0
DA:77,0
DA:78,0
DA:79,0
DA:81,0
DA:105,0
DA:107,0
DA:108,0
DA:112,0
DA:113,0
DA:114,0
DA:118,0
DA:120,0
DA:121,0
DA:123,0
DA:126,0
DA:138,0
DA:163,2
LF:30
LH:8
BRDA:55,0,0,5
BRDA:55,0,1,0
BRDA:58,1,0,0
BRDA:58,1,1,0
BRDA:65,2,0,0
BRDA:65,2,1,0
BRDA:69,3,0,0
BRDA:69,3,1,5
BRDA:74,4,0,5
BRDA:74,4,1,0
BRDA:77,5,0,0
BRDA:77,5,1,0
BRDA:81,6,0,0
BRDA:81,6,1,0
BRDA:87,7,0,0
BRDA:87,7,1,5
BRDA:93,8,0,0
BRDA:93,8,1,5
BRDA:95,9,0,0
BRDA:95,9,1,5
BRDA:100,10,0,5
BRDA:100,10,1,0
BRDA:108,11,0,0
BRDA:108,11,1,0
BRDA:109,12,0,0
BRDA:109,12,1,0
BRDA:129,13,0,0
BRDA:129,13,1,0
BRDA:133,14,0,0
BRDA:133,14,1,0
BRDA:147,15,0,5
BRDA:147,15,1,0
BRF:32
BRH:8
end_of_record
TN:
SF:src\screens\LoginScreen.tsx
FN:14,LoginScreen
FN:19,(anonymous_1)
FN:39,(anonymous_2)
FN:53,(anonymous_3)
FNF:4
FNH:3
FNDA:6,LoginScreen
FNDA:6,(anonymous_1)
FNDA:6,(anonymous_2)
FNDA:0,(anonymous_3)
DA:15,6
DA:17,6
DA:19,6
DA:20,6
DA:21,6
DA:23,6
DA:28,0
DA:29,0
DA:30,0
DA:31,0
DA:35,0
DA:39,6
DA:40,6
DA:41,6
DA:47,6
DA:49,0
DA:53,6
DA:54,0
DA:55,0
DA:57,0
DA:58,0
DA:59,0
DA:60,0
DA:63,0
DA:66,0
DA:67,0
DA:68,0
DA:69,0
DA:72,0
DA:75,0
DA:76,0
DA:78,0
DA:80,0
DA:81,0
DA:82,0
DA:83,0
DA:84,0
DA:85,0
DA:86,0
DA:91,0
DA:95,0
DA:101,6
DA:140,2
LF:43
LH:13
BRDA:23,0,0,0
BRDA:23,0,1,6
BRDA:29,1,0,0
BRDA:29,1,1,0
BRDA:30,2,0,0
BRDA:30,2,1,0
BRDA:31,3,0,0
BRDA:31,3,1,0
BRDA:59,4,0,0
BRDA:59,4,1,0
BRDA:59,5,0,0
BRDA:59,5,1,0
BRDA:66,6,0,0
BRDA:66,6,1,0
BRDA:68,7,0,0
BRDA:68,7,1,0
BRDA:80,8,0,0
BRDA:80,8,1,0
BRDA:82,9,0,0
BRDA:82,9,1,0
BRDA:84,10,0,0
BRDA:84,10,1,0
BRDA:86,11,0,0
BRDA:86,11,1,0
BRDA:87,12,0,0
BRDA:87,12,1,0
BRF:26
BRH:1
end_of_record
TN:
SF:src\screens\professor\ClassDetailsScreen.tsx
FN:30,ClassDetailsScreen
FN:56,(anonymous_1)
FN:59,(anonymous_2)
FN:64,(anonymous_3)
FN:66,(anonymous_4)
FN:75,(anonymous_5)
FN:78,(anonymous_6)
FN:82,(anonymous_7)
FN:86,(anonymous_8)
FN:93,(anonymous_9)
FN:102,(anonymous_10)
FN:104,(anonymous_11)
FN:107,(anonymous_12)
FN:117,(anonymous_13)
FN:126,(anonymous_14)
FN:130,(anonymous_15)
FN:141,(anonymous_16)
FN:162,(anonymous_17)
FN:167,(anonymous_18)
FN:169,(anonymous_19)
FN:184,(anonymous_20)
FN:197,(anonymous_21)
FN:199,(anonymous_22)
FN:216,(anonymous_23)
FN:218,(anonymous_24)
FN:219,(anonymous_25)
FN:238,(anonymous_26)
FN:239,(anonymous_27)
FN:249,(anonymous_28)
FN:258,(anonymous_29)
FN:274,(anonymous_30)
FN:280,(anonymous_31)
FN:283,(anonymous_32)
FN:309,(anonymous_33)
FN:314,(anonymous_34)
FN:317,(anonymous_35)
FN:328,(anonymous_36)
FN:341,(anonymous_37)
FN:345,(anonymous_38)
FN:361,(anonymous_39)
FN:375,(anonymous_40)
FN:378,(anonymous_41)
FN:380,(anonymous_42)
FN:397,(anonymous_43)
FN:406,(anonymous_44)
FN:409,(anonymous_45)
FN:411,(anonymous_46)
FN:452,(anonymous_47)
FN:469,(anonymous_48)
FN:486,(anonymous_49)
FN:501,(anonymous_50)
FN:530,(anonymous_51)
FN:538,(anonymous_52)
FN:550,(anonymous_53)
FN:566,(anonymous_54)
FN:568,(anonymous_55)
FN:569,(anonymous_56)
FNF:57
FNH:0
FNDA:0,ClassDetailsScreen
FNDA:0,(anonymous_1)
FNDA:0,(anonymous_2)
FNDA:0,(anonymous_3)
FNDA:0,(anonymous_4)
FNDA:0,(anonymous_5)
FNDA:0,(anonymous_6)
FNDA:0,(anonymous_7)
FNDA:0,(anonymous_8)
FNDA:0,(anonymous_9)
FNDA:0,(anonymous_10)
FNDA:0,(anonymous_11)
FNDA:0,(anonymous_12)
FNDA:0,(anonymous_13)
FNDA:0,(anonymous_14)
FNDA:0,(anonymous_15)
FNDA:0,(anonymous_16)
FNDA:0,(anonymous_17)
FNDA:0,(anonymous_18)
FNDA:0,(anonymous_19)
FNDA:0,(anonymous_20)
FNDA:0,(anonymous_21)
FNDA:0,(anonymous_22)
FNDA:0,(anonymous_23)
FNDA:0,(anonymous_24)
FNDA:0,(anonymous_25)
FNDA:0,(anonymous_26)
FNDA:0,(anonymous_27)
FNDA:0,(anonymous_28)
FNDA:0,(anonymous_29)
FNDA:0,(anonymous_30)
FNDA:0,(anonymous_31)
FNDA:0,(anonymous_32)
FNDA:0,(anonymous_33)
FNDA:0,(anonymous_34)
FNDA:0,(anonymous_35)
FNDA:0,(anonymous_36)
FNDA:0,(anonymous_37)
FNDA:0,(anonymous_38)
FNDA:0,(anonymous_39)
FNDA:0,(anonymous_40)
FNDA:0,(anonymous_41)
FNDA:0,(anonymous_42)
FNDA:0,(anonymous_43)
FNDA:0,(anonymous_44)
FNDA:0,(anonymous_45)
FNDA:0,(anonymous_46)
FNDA:0,(anonymous_47)
FNDA:0,(anonymous_48)
FNDA:0,(anonymous_49)
FNDA:0,(anonymous_50)
FNDA:0,(anonymous_51)
FNDA:0,(anonymous_52)
FNDA:0,(anonymous_53)
FNDA:0,(anonymous_54)
FNDA:0,(anonymous_55)
FNDA:0,(anonymous_56)
DA:31,0
DA:32,0
DA:33,0
DA:34,0
DA:36,0
DA:40,0
DA:42,0
DA:43,0
DA:44,0
DA:45,0
DA:46,0
DA:47,0
DA:48,0
DA:50,0
DA:51,0
DA:52,0
DA:53,0
DA:56,0
DA:57,0
DA:59,0
DA:60,0
DA:61,0
DA:62,0
DA:64,0
DA:66,0
DA:69,0
DA:71,0
DA:75,0
DA:78,0
DA:79,0
DA:83,0
DA:84,0
DA:87,0
DA:93,0
DA:94,0
DA:103,0
DA:105,0
DA:108,0
DA:117,0
DA:118,0
DA:127,0
DA:131,0
DA:141,0
DA:142,0
DA:143,0
DA:144,0
DA:149,0
DA:153,0
DA:154,0
DA:156,0
DA:158,0
DA:162,0
DA:163,0
DA:164,0
DA:165,0
DA:167,0
DA:169,0
DA:172,0
DA:173,0
DA:174,0
DA:177,0
DA:179,0
DA:180,0
DA:184,0
DA:185,0
DA:187,0
DA:190,0
DA:195,0
DA:197,0
DA:199,0
DA:202,0
DA:203,0
DA:204,0
DA:206,0
DA:207,0
DA:208,0
DA:211,0
DA:212,0
DA:216,0
DA:218,0
DA:219,0
DA:220,0
DA:224,0
DA:225,0
DA:226,0
DA:231,0
DA:236,0
DA:238,0
DA:239,0
DA:240,0
DA:245,0
DA:249,0
DA:250,0
DA:259,0
DA:260,0
DA:263,0
DA:265,0
DA:266,0
DA:274,0
DA:275,0
DA:276,0
DA:277,0
DA:280,0
DA:281,0
DA:282,0
DA:283,0
DA:285,0
DA:287,0
DA:288,0
DA:293,0
DA:297,0
DA:301,0
DA:303,0
DA:305,0
DA:309,0
DA:310,0
DA:311,0
DA:314,0
DA:315,0
DA:317,0
DA:328,0
DA:341,0
DA:342,0
DA:345,0
DA:361,0
DA:375,0
DA:376,0
DA:378,0
DA:381,0
DA:397,0
DA:406,0
DA:407,0
DA:409,0
DA:412,0
DA:452,0
DA:469,0
DA:486,0
DA:501,0
DA:517,0
DA:530,0
DA:538,0
DA:551,0
DA:552,0
DA:556,0
DA:557,0
DA:559,0
DA:566,0
DA:569,0
DA:576,1
LF:149
LH:1
BRDA:33,0,0,0
BRDA:33,0,1,0
BRDA:36,1,0,0
BRDA:37,2,0,0
BRDA:37,2,1,0
BRDA:39,3,0,0
BRDA:40,4,0,0
BRDA:40,4,1,0
BRDA:57,5,0,0
BRDA:57,5,1,0
BRDA:57,6,0,0
BRDA:57,6,1,0
BRDA:62,7,0,0
BRDA:62,7,1,0
BRDA:143,8,0,0
BRDA:143,8,1,0
BRDA:149,9,0,0
BRDA:149,9,1,0
BRDA:154,10,0,0
BRDA:154,10,1,0
BRDA:165,11,0,0
BRDA:165,11,1,0
BRDA:174,12,0,0
BRDA:174,12,1,0
BRDA:195,13,0,0
BRDA:195,13,1,0
BRDA:204,14,0,0
BRDA:204,14,1,0
BRDA:207,15,0,0
BRDA:207,15,1,0
BRDA:220,16,0,0
BRDA:220,16,1,0
BRDA:225,17,0,0
BRDA:225,17,1,0
BRDA:240,18,0,0
BRDA:240,18,1,0
BRDA:285,19,0,0
BRDA:285,19,1,0
BRDA:287,20,0,0
BRDA:287,20,1,0
BRDA:293,21,0,0
BRDA:293,21,1,0
BRDA:310,22,0,0
BRDA:310,22,1,0
BRDA:311,23,0,0
BRDA:311,23,1,0
BRDA:324,24,0,0
BRDA:324,24,1,0
BRDA:344,25,0,0
BRDA:344,25,1,0
BRDA:350,26,0,0
BRDA:350,26,1,0
BRDA:359,27,0,0
BRDA:359,27,1,0
BRDA:366,28,0,0
BRDA:366,28,1,0
BRDA:383,29,0,0
BRDA:383,29,1,0
BRDA:392,30,0,0
BRDA:392,30,1,0
BRDA:416,31,0,0
BRDA:416,31,1,0
BRDA:436,32,0,0
BRDA:436,32,1,0
BRDA:522,33,0,0
BRDA:522,33,1,0
BRDA:527,34,0,0
BRDA:527,34,1,0
BRDA:545,35,0,0
BRDA:545,35,1,0
BRF:70
BRH:0
end_of_record
TN:
SF:src\screens\professor\ProfessorHomeScreen.tsx
FN:19,(anonymous_0)
FN:23,(anonymous_1)
FN:27,ProfessorHomeScreen
FN:48,(anonymous_3)
FN:49,(anonymous_4)
FN:65,(anonymous_5)
FN:71,(anonymous_6)
FN:74,(anonymous_7)
FN:81,(anonymous_8)
FN:83,(anonymous_9)
FN:91,(anonymous_10)
FN:94,(anonymous_11)
FN:104,(anonymous_12)
FN:157,(anonymous_13)
FN:159,(anonymous_14)
FN:171,(anonymous_15)
FN:173,(anonymous_16)
FN:188,(anonymous_17)
FN:189,(anonymous_18)
FN:197,(anonymous_19)
FN:201,(anonymous_20)
FN:213,(anonymous_21)
FN:214,(anonymous_22)
FN:239,(anonymous_23)
FN:244,(anonymous_24)
FN:245,(anonymous_25)
FN:253,(anonymous_26)
FN:257,(anonymous_27)
FN:277,(anonymous_28)
FN:282,(anonymous_29)
FN:297,(anonymous_30)
FN:305,(anonymous_31)
FN:306,(anonymous_32)
FN:307,(anonymous_33)
FN:312,(anonymous_34)
FN:314,(anonymous_35)
FNF:36
FNH:0
FNDA:0,(anonymous_0)
FNDA:0,(anonymous_1)
FNDA:0,ProfessorHomeScreen
FNDA:0,(anonymous_3)
FNDA:0,(anonymous_4)
FNDA:0,(anonymous_5)
FNDA:0,(anonymous_6)
FNDA:0,(anonymous_7)
FNDA:0,(anonymous_8)
FNDA:0,(anonymous_9)
FNDA:0,(anonymous_10)
FNDA:0,(anonymous_11)
FNDA:0,(anonymous_12)
FNDA:0,(anonymous_13)
FNDA:0,(anonymous_14)
FNDA:0,(anonymous_15)
FNDA:0,(anonymous_16)
FNDA:0,(anonymous_17)
FNDA:0,(anonymous_18)
FNDA:0,(anonymous_19)
FNDA:0,(anonymous_20)
FNDA:0,(anonymous_21)
FNDA:0,(anonymous_22)
FNDA:0,(anonymous_23)
FNDA:0,(anonymous_24)
FNDA:0,(anonymous_25)
FNDA:0,(anonymous_26)
FNDA:0,(anonymous_27)
FNDA:0,(anonymous_28)
FNDA:0,(anonymous_29)
FNDA:0,(anonymous_30)
FNDA:0,(anonymous_31)
FNDA:0,(anonymous_32)
FNDA:0,(anonymous_33)
FNDA:0,(anonymous_34)
FNDA:0,(anonymous_35)
DA:19,1
DA:20,0
DA:21,0
DA:22,0
DA:23,0
DA:28,0
DA:29,0
DA:30,0
DA:31,0
DA:32,0
DA:33,0
DA:34,0
DA:35,0
DA:37,0
DA:38,0
DA:39,0
DA:41,0
DA:42,0
DA:44,0
DA:46,0
DA:48,0
DA:49,0
DA:50,0
DA:51,0
DA:52,0
DA:53,0
DA:54,0
DA:56,0
DA:60,0
DA:62,0
DA:65,0
DA:66,0
DA:71,0
DA:72,0
DA:74,0
DA:75,0
DA:76,0
DA:77,0
DA:78,0
DA:81,0
DA:83,0
DA:85,0
DA:87,0
DA:91,0
DA:94,0
DA:100,0
DA:101,0
DA:104,0
DA:105,0
DA:106,0
DA:107,0
DA:109,0
DA:110,0
DA:112,0
DA:113,0
DA:114,0
DA:115,0
DA:118,0
DA:119,0
DA:127,0
DA:128,0
DA:130,0
DA:133,0
DA:135,0
DA:138,0
DA:143,0
DA:144,0
DA:145,0
DA:147,0
DA:150,0
DA:151,0
DA:154,0
DA:155,0
DA:157,0
DA:159,0
DA:162,0
DA:163,0
DA:166,0
DA:167,0
DA:171,0
DA:173,0
DA:174,0
DA:176,0
DA:177,0
DA:178,0
DA:183,0
DA:188,0
DA:189,0
DA:192,0
DA:193,0
DA:197,0
DA:198,0
DA:201,0
DA:206,0
DA:208,0
DA:209,0
DA:210,0
DA:211,0
DA:213,0
DA:214,0
DA:217,0
DA:225,0
DA:226,0
DA:228,0
DA:229,0
DA:233,0
DA:239,0
DA:244,0
DA:246,0
DA:254,0
DA:258,0
DA:278,0
DA:279,0
DA:283,0
DA:284,0
DA:288,0
DA:290,0
DA:297,0
DA:305,0
DA:306,0
DA:307,0
DA:312,0
DA:314,0
DA:320,1
LF:124
LH:2
BRDA:20,0,0,0
BRDA:20,0,1,0
BRDA:20,1,0,0
BRDA:20,1,1,0
BRDA:41,2,0,0
BRDA:51,3,0,0
BRDA:51,3,1,0
BRDA:72,4,0,0
BRDA:72,4,1,0
BRDA:72,5,0,0
BRDA:72,5,1,0
BRDA:72,5,2,0
BRDA:77,6,0,0
BRDA:77,6,1,0
BRDA:105,7,0,0
BRDA:105,7,1,0
BRDA:118,8,0,0
BRDA:118,8,1,0
BRDA:122,9,0,0
BRDA:122,9,1,0
BRDA:128,10,0,0
BRDA:128,10,1,0
BRDA:133,11,0,0
BRDA:133,11,1,0
BRDA:144,12,0,0
BRDA:144,12,1,0
BRDA:145,13,0,0
BRDA:145,13,1,0
BRDA:150,14,0,0
BRDA:150,14,1,0
BRDA:155,15,0,0
BRDA:155,15,1,0
BRDA:174,16,0,0
BRDA:174,16,1,0
BRDA:174,17,0,0
BRDA:174,17,1,0
BRDA:177,18,0,0
BRDA:177,18,1,0
BRDA:189,19,0,0
BRDA:189,19,1,0
BRDA:209,20,0,0
BRDA:209,20,1,0
BRDA:237,21,0,0
BRDA:237,21,1,0
BRF:44
BRH:0
end_of_record
TN:
SF:src\screens\student\ClassDetailsScreen.tsx
FN:19,ClassDetailsScreen
FN:56,(anonymous_1)
FN:95,(anonymous_2)
FN:96,(anonymous_3)
FN:123,ClassDetailsHeader
FN:130,(anonymous_5)
FN:138,(anonymous_6)
FNF:7
FNH:0
FNDA:0,ClassDetailsScreen
FNDA:0,(anonymous_1)
FNDA:0,(anonymous_2)
FNDA:0,(anonymous_3)
FNDA:0,ClassDetailsHeader
FNDA:0,(anonymous_5)
FNDA:0,(anonymous_6)
DA:20,0
DA:21,0
DA:22,0
DA:24,0
DA:25,0
DA:28,0
DA:29,0
DA:30,0
DA:32,0
DA:33,0
DA:40,0
DA:56,0
DA:95,0
DA:97,0
DA:98,0
DA:106,0
DA:130,0
DA:131,0
DA:133,0
DA:135,0
DA:138,0
DA:151,1
DA:270,1
LF:23
LH:2
BRDA:32,0,0,0
BRDA:32,0,1,0
BRDA:32,1,0,0
BRDA:32,1,1,0
BRDA:45,2,0,0
BRDA:45,2,1,0
BRDA:52,3,0,0
BRDA:52,3,1,0
BRDA:66,4,0,0
BRDA:66,4,1,0
BRDA:70,5,0,0
BRDA:70,5,1,0
BRDA:75,6,0,0
BRDA:75,6,1,0
BRDA:79,7,0,0
BRDA:79,7,1,0
BRDA:131,8,0,0
BRDA:131,8,1,0
BRF:18
BRH:0
end_of_record
TN:
SF:src\screens\student\StudentHomeScreen.tsx
FN:14,StudentHomeScreen
FN:20,(anonymous_1)
FN:21,(anonymous_2)
FN:35,(anonymous_3)
FN:49,(anonymous_4)
FN:57,(anonymous_5)
FN:92,(anonymous_6)
FN:97,(anonymous_7)
FN:107,(anonymous_8)
FN:111,(anonymous_9)
FN:113,(anonymous_10)
FN:123,(anonymous_11)
FN:130,(anonymous_12)
FN:141,(anonymous_13)
FN:163,(anonymous_14)
FNF:15
FNH:0
FNDA:0,StudentHomeScreen
FNDA:0,(anonymous_1)
FNDA:0,(anonymous_2)
FNDA:0,(anonymous_3)
FNDA:0,(anonymous_4)
FNDA:0,(anonymous_5)
FNDA:0,(anonymous_6)
FNDA:0,(anonymous_7)
FNDA:0,(anonymous_8)
FNDA:0,(anonymous_9)
FNDA:0,(anonymous_10)
FNDA:0,(anonymous_11)
FNDA:0,(anonymous_12)
FNDA:0,(anonymous_13)
FNDA:0,(anonymous_14)
DA:15,0
DA:16,0
DA:17,0
DA:18,0
DA:20,0
DA:21,0
DA:22,0
DA:23,0
DA:26,0
DA:27,0
DA:29,0
DA:30,0
DA:31,0
DA:32,0
DA:33,0
DA:34,0
DA:35,0
DA:37,0
DA:38,0
DA:46,0
DA:49,0
DA:52,0
DA:53,0
DA:55,0
DA:57,0
DA:58,0
DA:60,0
DA:62,0
DA:64,0
DA:65,0
DA:66,0
DA:67,0
DA:69,0
DA:72,0
DA:73,0
DA:75,0
DA:76,0
DA:77,0
DA:79,0
DA:81,0
DA:82,0
DA:87,0
DA:91,0
DA:93,0
DA:97,0
DA:98,0
DA:99,0
DA:100,0
DA:101,0
DA:105,0
DA:107,0
DA:111,0
DA:114,0
DA:115,0
DA:124,0
DA:131,0
DA:132,0
DA:133,0
DA:137,0
DA:140,0
DA:141,0
DA:143,0
DA:163,0
DA:172,1
LF:64
LH:1
BRDA:16,0,0,0
BRDA:23,1,0,0
BRDA:23,1,1,0
BRDA:27,2,0,0
BRDA:27,2,1,0
BRDA:33,3,0,0
BRDA:33,3,1,0
BRDA:37,4,0,0
BRDA:37,4,1,0
BRDA:62,5,0,0
BRDA:62,5,1,0
BRDA:75,6,0,0
BRDA:75,6,1,0
BRDA:81,7,0,0
BRDA:81,7,1,0
BRDA:81,8,0,0
BRDA:81,8,1,0
BRDA:100,9,0,0
BRDA:100,9,1,0
BRDA:107,10,0,0
BRDA:107,10,1,0
BRDA:131,11,0,0
BRDA:131,11,1,0
BRF:23
BRH:0
end_of_record
TN:
SF:src\services\api.ts
FN:14,apiFetch
FNF:1
FNH:0
FNDA:0,apiFetch
DA:3,1
DA:18,0
DA:20,0
DA:21,0
DA:22,0
DA:23,0
DA:27,0
DA:34,0
DA:42,0
DA:43,0
DA:44,0
DA:47,0
LF:12
LH:1
BRDA:16,0,0,0
BRDA:18,1,0,0
BRDA:18,2,0,0
BRDA:20,3,0,0
BRDA:20,3,1,0
BRDA:22,4,0,0
BRDA:22,4,1,0
BRDA:29,5,0,0
BRDA:29,5,1,0
BRDA:42,6,0,0
BRDA:42,6,1,0
BRF:11
BRH:0
end_of_record
TN:
SF:src\services\authStore.ts
FN:16,loadTokens
FN:21,getAccessToken
FN:25,getRefreshToken
FN:29,getCurrentUser
FN:34,setTokens
FN:45,updateCurrentUser
FN:49,clearTokens
FNF:7
FNH:1
FNDA:1,loadTokens
FNDA:0,getAccessToken
FNDA:0,getRefreshToken
FNDA:0,getCurrentUser
FNDA:0,setTokens
FNDA:0,updateCurrentUser
FNDA:0,clearTokens
DA:4,3
DA:12,3
DA:13,3
DA:17,1
DA:18,1
DA:22,0
DA:26,0
DA:30,0
DA:31,0
DA:35,0
DA:36,0
DA:37,0
DA:46,0
DA:50,0
DA:51,0
DA:52,0
LF:16
LH:5
BRDA:31,0,0,0
BRDA:31,0,1,0
BRF:2
BRH:0
end_of_record
TN:
SF:src\services\exportService.ts
FN:6,(anonymous_0)
FN:13,(anonymous_1)
FN:15,(anonymous_2)
FN:16,(anonymous_3)
FN:29,(anonymous_4)
FN:36,(anonymous_5)
FN:38,(anonymous_6)
FN:52,(anonymous_7)
FNF:8
FNH:8
FNDA:3,(anonymous_0)
FNDA:4,(anonymous_1)
FNDA:4,(anonymous_2)
FNDA:5,(anonymous_3)
FNDA:2,(anonymous_4)
FNDA:2,(anonymous_5)
FNDA:2,(anonymous_6)
FNDA:2,(anonymous_7)
DA:5,2
DA:7,3
DA:9,3
DA:10,1
DA:13,2
DA:14,4
DA:15,4
DA:16,5
DA:20,4
DA:22,4
DA:26,2
DA:30,2
DA:32,2
DA:33,1
DA:36,1
DA:37,2
DA:38,2
DA:40,2
DA:42,2
DA:46,2
DA:49,1
DA:53,2
DA:54,2
DA:55,2
DA:56,2
DA:58,1
DA:65,1
DA:67,1
DA:69,1
DA:71,1
DA:72,1
LF:31
LH:31
BRDA:9,0,0,1
BRDA:9,0,1,2
BRDA:9,1,0,3
BRDA:9,1,1,3
BRDA:20,2,0,2
BRDA:20,2,1,2
BRDA:22,3,0,4
BRDA:22,3,1,0
BRDA:32,4,0,1
BRDA:32,4,1,1
BRDA:32,5,0,2
BRDA:32,5,1,2
BRDA:42,6,0,1
BRDA:42,6,1,1
BRDA:46,7,0,2
BRDA:46,7,1,0
BRDA:46,8,0,1
BRDA:46,8,1,1
BRDA:71,9,0,1
BRDA:71,9,1,0
BRDA:74,10,0,1
BRDA:74,10,1,0
BRF:22
BRH:18
end_of_record
TN:
SF:src\services\types.ts
FNF:0
FNH:0
LF:0
LH:0
BRF:0
BRH:0
end_of_record
TN:
SF:src\shared\hooks\usePermissions.tsx
FN:8,(anonymous_0)
FN:11,(anonymous_1)
FN:26,(anonymous_2)
FN:33,(anonymous_3)
FN:46,(anonymous_4)
FNF:5
FNH:5
FNDA:4,(anonymous_0)
FNDA:2,(anonymous_1)
FNDA:4,(anonymous_2)
FNDA:4,(anonymous_3)
FNDA:2,(anonymous_4)
DA:6,1
DA:8,1
DA:9,4
DA:11,4
DA:13,2
DA:24,2
DA:26,4
DA:27,2
DA:29,2
DA:30,2
DA:31,2
DA:33,4
DA:35,0
DA:36,0
DA:37,0
DA:39,0
DA:43,2
DA:46,4
DA:47,2
DA:50,4
LF:20
LH:16
BRDA:13,0,0,0
BRDA:13,0,1,2
BRDA:20,1,0,2
BRDA:20,1,1,0
BRDA:29,2,0,2
BRDA:29,2,1,0
BRDA:35,3,0,0
BRDA:35,3,1,0
BRF:8
BRH:3
end_of_record
